#
# There is insufficient memory for the Java Runtime Environment to continue.
# Native memory allocation (malloc) failed to allocate 1244336 bytes for Chunk::new
# Possible reasons:
#   The system is out of physical RAM or swap space
#   The process is running with CompressedOops enabled, and the Java Heap may be blocking the growth of the native heap
# Possible solutions:
#   Reduce memory load on the system
#   Increase physical memory or swap space
#   Check if swap backing store is full
#   Decrease Java heap size (-Xmx/-Xms)
#   Decrease number of Java threads
#   Decrease Java thread stack sizes (-Xss)
#   Set larger code cache with -XX:ReservedCodeCacheSize=
#   JVM is running with Zero Based Compressed Oops mode in which the Java heap is
#     placed in the first 32GB address space. The Java Heap base address is the
#     maximum limit for the native heap growth. Please use -XX:HeapBaseMinAddress
#     to set the Java Heap base and to place the Java Heap above 32GB virtual address.
# This output file may be truncated or incomplete.
#
#  Out of Memory Error (src/hotspot/share/memory/arena.cpp:197), pid=13224, tid=16460
#
# JRE version: OpenJDK Runtime Environment (11.0.15) (build 11.0.15+0-b2043.56-9505619)
# Java VM: OpenJDK 64-Bit Server VM (11.0.15+0-b2043.56-9505619, mixed mode, tiered, compressed oops, g1 gc, windows-amd64)
# No core dump will be written. Minidumps are not enabled by default on client versions of Windows
#

---------------  S U M M A R Y ------------

Command Line: org.jetbrains.kotlin.cli.jvm.K2JVMCompiler @F:\Android Project\Fashion\app\build\20231027_16162299922302553483.compiler.options

Host: 12th Gen Intel(R) Core(TM) i5-12400, 12 cores, 15G,  Windows 10 , 64 bit Build 19041 (10.0.19041.2913)
Time: Fri Oct 27 16:46:45 2023 SE Asia Standard Time elapsed time: 6.224835 seconds (0d 0h 0m 6s)

---------------  T H R E A D  ---------------

Current thread (0x000001b8c11d8800):  JavaThread "C2 CompilerThread2" daemon [_thread_in_native, id=16460, stack(0x0000003254100000,0x0000003254200000)]


Current CompileTask:
C2:   6224 6486       4       jdk.internal.loader.BuiltinClassLoader::defineClass (121 bytes)

Stack: [0x0000003254100000,0x0000003254200000]
Native frames: (J=compiled Java code, j=interpreted, Vv=VM code, C=native code)
V  [jvm.dll+0x64135a]
V  [jvm.dll+0x7d39f9]
V  [jvm.dll+0x7d51b9]
V  [jvm.dll+0x7d58a3]
V  [jvm.dll+0x2691c5]
V  [jvm.dll+0xc1a5c]
V  [jvm.dll+0xc200c]
V  [jvm.dll+0x3774a7]
V  [jvm.dll+0x342495]
V  [jvm.dll+0x34186a]
V  [jvm.dll+0x2214bd]
V  [jvm.dll+0x220498]
V  [jvm.dll+0x19e851]
V  [jvm.dll+0x230479]
V  [jvm.dll+0x22e5ef]
V  [jvm.dll+0x794de1]
V  [jvm.dll+0x78dc24]
V  [jvm.dll+0x6400f6]
C  [ucrtbase.dll+0x21bb2]
C  [KERNEL32.DLL+0x17614]
C  [ntdll.dll+0x526a1]


---------------  P R O C E S S  ---------------

Threads class SMR info:
_java_thread_list=0x000001b8bf6364e0, length=12, elements={
0x000001b89c79e000, 0x000001b8bbbcc000, 0x000001b8bbbba800, 0x000001b8bbbda800,
0x000001b8bbbdd000, 0x000001b8bbbde000, 0x000001b8bc48e000, 0x000001b8bc48f000,
0x000001b8bc4de000, 0x000001b8bc64c000, 0x000001b8bc641800, 0x000001b8c11d8800
}

Java Threads: ( => current thread )
  0x000001b89c79e000 JavaThread "main" [_thread_in_vm, id=16072, stack(0x0000003252f00000,0x0000003253000000)]
  0x000001b8bbbcc000 JavaThread "Reference Handler" daemon [_thread_blocked, id=14732, stack(0x0000003253600000,0x0000003253700000)]
  0x000001b8bbbba800 JavaThread "Finalizer" daemon [_thread_blocked, id=7056, stack(0x0000003253700000,0x0000003253800000)]
  0x000001b8bbbda800 JavaThread "Signal Dispatcher" daemon [_thread_blocked, id=4824, stack(0x0000003253800000,0x0000003253900000)]
  0x000001b8bbbdd000 JavaThread "Attach Listener" daemon [_thread_blocked, id=12980, stack(0x0000003253900000,0x0000003253a00000)]
  0x000001b8bbbde000 JavaThread "Service Thread" daemon [_thread_blocked, id=8740, stack(0x0000003253a00000,0x0000003253b00000)]
  0x000001b8bc48e000 JavaThread "C2 CompilerThread0" daemon [_thread_in_native, id=18280, stack(0x0000003253b00000,0x0000003253c00000)]
  0x000001b8bc48f000 JavaThread "C1 CompilerThread0" daemon [_thread_in_vm, id=18228, stack(0x0000003253c00000,0x0000003253d00000)]
  0x000001b8bc4de000 JavaThread "Sweeper thread" daemon [_thread_blocked, id=7348, stack(0x0000003253d00000,0x0000003253e00000)]
  0x000001b8bc64c000 JavaThread "Common-Cleaner" daemon [_thread_blocked, id=15936, stack(0x0000003253f00000,0x0000003254000000)]
  0x000001b8bc641800 JavaThread "C2 CompilerThread1" daemon [_thread_in_native, id=3024, stack(0x0000003254000000,0x0000003254100000)]
=>0x000001b8c11d8800 JavaThread "C2 CompilerThread2" daemon [_thread_in_native, id=16460, stack(0x0000003254100000,0x0000003254200000)]

Other Threads:
  0x000001b8bbbb7800 VMThread "VM Thread" [stack: 0x0000003253500000,0x0000003253600000] [id=5824]
  0x000001b8bc640000 WatcherThread [stack: 0x0000003253e00000,0x0000003253f00000] [id=12172]
  0x000001b89c7b6000 GCTaskThread "GC Thread#0" [stack: 0x0000003253000000,0x0000003253100000] [id=8852]
  0x000001b8bcce5000 GCTaskThread "GC Thread#1" [stack: 0x0000003254200000,0x0000003254300000] [id=10868]
  0x000001b8bcce5800 GCTaskThread "GC Thread#2" [stack: 0x0000003254300000,0x0000003254400000] [id=19256]
  0x000001b8bccd5000 GCTaskThread "GC Thread#3" [stack: 0x0000003254400000,0x0000003254500000] [id=4232]
  0x000001b8bccd5800 GCTaskThread "GC Thread#4" [stack: 0x0000003254500000,0x0000003254600000] [id=12636]
  0x000001b8bccd6800 GCTaskThread "GC Thread#5" [stack: 0x0000003254600000,0x0000003254700000] [id=2988]
  0x000001b8c1bb3000 GCTaskThread "GC Thread#6" [stack: 0x0000003254c00000,0x0000003254d00000] [id=8296]
  0x000001b89c812000 ConcurrentGCThread "G1 Main Marker" [stack: 0x0000003253100000,0x0000003253200000] [id=17612]
  0x000001b89c813800 ConcurrentGCThread "G1 Conc#0" [stack: 0x0000003253200000,0x0000003253300000] [id=19240]
  0x000001b8bd8b7800 ConcurrentGCThread "G1 Conc#1" [stack: 0x0000003254700000,0x0000003254800000] [id=16932]
  0x000001b8bda1f800 ConcurrentGCThread "G1 Conc#2" [stack: 0x0000003254800000,0x0000003254900000] [id=6492]
  0x000001b8bbaa3800 ConcurrentGCThread "G1 Refine#0" [stack: 0x0000003253300000,0x0000003253400000] [id=752]
  0x000001b8bdd9b800 ConcurrentGCThread "G1 Refine#1" [stack: 0x0000003254900000,0x0000003254a00000] [id=16988]
  0x000001b8be5ac800 ConcurrentGCThread "G1 Refine#2" [stack: 0x0000003254a00000,0x0000003254b00000] [id=10936]
  0x000001b8bf6c3000 ConcurrentGCThread "G1 Refine#3" [stack: 0x0000003254b00000,0x0000003254c00000] [id=11872]
  0x000001b8bbaa5800 ConcurrentGCThread "G1 Young RemSet Sampling" [stack: 0x0000003253400000,0x0000003253500000] [id=18792]

Threads with active compile tasks:
C2 CompilerThread0     6231 6471       4       org.jetbrains.kotlin.load.java.lazy.descriptors.JvmPackageScope::getContributedClassifier (142 bytes)
C1 CompilerThread0     6231 6603       3       java.util.BitSet::ensureCapacity (39 bytes)
C2 CompilerThread1     6231 6590       4       java.util.BitSet::set (58 bytes)
C2 CompilerThread2     6231 6486       4       jdk.internal.loader.BuiltinClassLoader::defineClass (121 bytes)

VM state:not at safepoint (normal execution)

VM Mutex/Monitor currently owned by a thread: None

Heap address: 0x0000000703800000, size: 4040 MB, Compressed Oops mode: Zero based, Oop shift amount: 3
Narrow klass base: 0x0000000800000000, Narrow klass shift: 0
Compressed class space size: 1073741824 Address: 0x0000000800000000

Heap:
 garbage-first heap   total 312320K, used 75141K [0x0000000703800000, 0x0000000800000000)
  region size 1024K, 29 young (29696K), 5 survivors (5120K)
 Metaspace       used 63114K, capacity 63889K, committed 64000K, reserved 1105920K
  class space    used 7308K, capacity 7609K, committed 7680K, reserved 1048576K
Heap Regions: E=young(eden), S=young(survivor), O=old, HS=humongous(starts), HC=humongous(continues), CS=collection set, F=free, A=archive, TAMS=top-at-mark-start (previous, next)
|   0|0x0000000703800000, 0x0000000703900000, 0x0000000703900000|100%|HS|  |TAMS 0x0000000703900000, 0x0000000703800000| Complete 
|   1|0x0000000703900000, 0x0000000703a00000, 0x0000000703a00000|100%|HC|  |TAMS 0x0000000703a00000, 0x0000000703900000| Complete 
|   2|0x0000000703a00000, 0x0000000703b00000, 0x0000000703b00000|100%|HC|  |TAMS 0x0000000703b00000, 0x0000000703a00000| Complete 
|   3|0x0000000703b00000, 0x0000000703c00000, 0x0000000703c00000|100%|HS|  |TAMS 0x0000000703c00000, 0x0000000703b00000| Complete 
|   4|0x0000000703c00000, 0x0000000703d00000, 0x0000000703d00000|100%|HC|  |TAMS 0x0000000703d00000, 0x0000000703c00000| Complete 
|   5|0x0000000703d00000, 0x0000000703e00000, 0x0000000703e00000|100%|HC|  |TAMS 0x0000000703e00000, 0x0000000703d00000| Complete 
|   6|0x0000000703e00000, 0x0000000703f00000, 0x0000000703f00000|100%|HS|  |TAMS 0x0000000703f00000, 0x0000000703e00000| Complete 
|   7|0x0000000703f00000, 0x0000000704000000, 0x0000000704000000|100%|HC|  |TAMS 0x0000000704000000, 0x0000000703f00000| Complete 
|   8|0x0000000704000000, 0x0000000704100000, 0x0000000704100000|100%| O|  |TAMS 0x0000000704100000, 0x0000000704000000| Untracked 
|   9|0x0000000704100000, 0x0000000704200000, 0x0000000704200000|100%| O|  |TAMS 0x0000000704200000, 0x0000000704100000| Untracked 
|  10|0x0000000704200000, 0x0000000704300000, 0x0000000704300000|100%| O|  |TAMS 0x0000000704300000, 0x0000000704200000| Untracked 
|  11|0x0000000704300000, 0x0000000704400000, 0x0000000704400000|100%| O|  |TAMS 0x0000000704400000, 0x0000000704300000| Untracked 
|  12|0x0000000704400000, 0x0000000704500000, 0x0000000704500000|100%| O|  |TAMS 0x0000000704500000, 0x0000000704400000| Untracked 
|  13|0x0000000704500000, 0x0000000704600000, 0x0000000704600000|100%| O|  |TAMS 0x0000000704600000, 0x0000000704500000| Untracked 
|  14|0x0000000704600000, 0x0000000704700000, 0x0000000704700000|100%| O|  |TAMS 0x0000000704700000, 0x0000000704600000| Untracked 
|  15|0x0000000704700000, 0x0000000704800000, 0x0000000704800000|100%| O|  |TAMS 0x0000000704800000, 0x0000000704700000| Untracked 
|  16|0x0000000704800000, 0x0000000704900000, 0x0000000704900000|100%| O|  |TAMS 0x0000000704900000, 0x0000000704800000| Untracked 
|  17|0x0000000704900000, 0x0000000704a00000, 0x0000000704a00000|100%| O|  |TAMS 0x0000000704a00000, 0x0000000704900000| Untracked 
|  18|0x0000000704a00000, 0x0000000704b00000, 0x0000000704b00000|100%| O|  |TAMS 0x0000000704b00000, 0x0000000704a00000| Untracked 
|  19|0x0000000704b00000, 0x0000000704c00000, 0x0000000704c00000|100%| O|  |TAMS 0x0000000704c00000, 0x0000000704b00000| Untracked 
|  20|0x0000000704c00000, 0x0000000704d00000, 0x0000000704d00000|100%| O|  |TAMS 0x0000000704d00000, 0x0000000704c00000| Untracked 
|  21|0x0000000704d00000, 0x0000000704e00000, 0x0000000704e00000|100%| O|  |TAMS 0x0000000704e00000, 0x0000000704d00000| Untracked 
|  22|0x0000000704e00000, 0x0000000704f00000, 0x0000000704f00000|100%| O|  |TAMS 0x0000000704f00000, 0x0000000704e00000| Untracked 
|  23|0x0000000704f00000, 0x0000000705000000, 0x0000000705000000|100%| O|  |TAMS 0x0000000705000000, 0x0000000704f00000| Untracked 
|  24|0x0000000705000000, 0x0000000705100000, 0x0000000705100000|100%| O|  |TAMS 0x0000000705100000, 0x0000000705000000| Untracked 
|  25|0x0000000705100000, 0x0000000705200000, 0x0000000705200000|100%| O|  |TAMS 0x0000000705200000, 0x0000000705100000| Untracked 
|  26|0x0000000705200000, 0x0000000705300000, 0x0000000705300000|100%| O|  |TAMS 0x0000000705300000, 0x0000000705200000| Untracked 
|  27|0x0000000705300000, 0x0000000705400000, 0x0000000705400000|100%| O|  |TAMS 0x0000000705400000, 0x0000000705300000| Untracked 
|  28|0x0000000705400000, 0x0000000705500000, 0x0000000705500000|100%| O|  |TAMS 0x0000000705500000, 0x0000000705400000| Untracked 
|  29|0x0000000705500000, 0x0000000705600000, 0x0000000705600000|100%| O|  |TAMS 0x0000000705600000, 0x0000000705500000| Untracked 
|  30|0x0000000705600000, 0x0000000705700000, 0x0000000705700000|100%| O|  |TAMS 0x0000000705700000, 0x0000000705600000| Untracked 
|  31|0x0000000705700000, 0x0000000705800000, 0x0000000705800000|100%| O|  |TAMS 0x0000000705800000, 0x0000000705700000| Untracked 
|  32|0x0000000705800000, 0x0000000705900000, 0x0000000705900000|100%| O|  |TAMS 0x0000000705900000, 0x0000000705800000| Untracked 
|  33|0x0000000705900000, 0x0000000705a00000, 0x0000000705a00000|100%| O|  |TAMS 0x0000000705a00000, 0x0000000705900000| Untracked 
|  34|0x0000000705a00000, 0x0000000705b00000, 0x0000000705b00000|100%| O|  |TAMS 0x0000000705b00000, 0x0000000705a00000| Untracked 
|  35|0x0000000705b00000, 0x0000000705c00000, 0x0000000705c00000|100%| O|  |TAMS 0x0000000705c00000, 0x0000000705b00000| Untracked 
|  36|0x0000000705c00000, 0x0000000705d00000, 0x0000000705d00000|100%| O|  |TAMS 0x0000000705d00000, 0x0000000705c00000| Untracked 
|  37|0x0000000705d00000, 0x0000000705e00000, 0x0000000705e00000|100%| O|  |TAMS 0x0000000705e00000, 0x0000000705d00000| Untracked 
|  38|0x0000000705e00000, 0x0000000705f00000, 0x0000000705f00000|100%| O|  |TAMS 0x0000000705f00000, 0x0000000705e00000| Untracked 
|  39|0x0000000705f00000, 0x0000000706000000, 0x0000000706000000|100%| O|  |TAMS 0x0000000706000000, 0x0000000705f00000| Untracked 
|  40|0x0000000706000000, 0x0000000706100000, 0x0000000706100000|100%| O|  |TAMS 0x0000000706100000, 0x0000000706000000| Untracked 
|  41|0x0000000706100000, 0x0000000706200000, 0x0000000706200000|100%| O|  |TAMS 0x0000000706200000, 0x0000000706100000| Untracked 
|  42|0x0000000706200000, 0x0000000706300000, 0x0000000706300000|100%| O|  |TAMS 0x0000000706300000, 0x0000000706200000| Untracked 
|  43|0x0000000706300000, 0x0000000706400000, 0x0000000706400000|100%| O|  |TAMS 0x0000000706400000, 0x0000000706300000| Untracked 
|  44|0x0000000706400000, 0x0000000706500000, 0x0000000706500000|100%| O|  |TAMS 0x0000000706500000, 0x0000000706400000| Untracked 
|  45|0x0000000706500000, 0x000000070658d600, 0x0000000706600000| 55%| O|  |TAMS 0x000000070658d600, 0x0000000706500000| Untracked 
|  46|0x0000000706600000, 0x0000000706600000, 0x0000000706700000|  0%| F|  |TAMS 0x0000000706600000, 0x0000000706600000| Untracked 
|  47|0x0000000706700000, 0x0000000706700000, 0x0000000706800000|  0%| F|  |TAMS 0x0000000706700000, 0x0000000706700000| Untracked 
|  48|0x0000000706800000, 0x0000000706800000, 0x0000000706900000|  0%| F|  |TAMS 0x0000000706800000, 0x0000000706800000| Untracked 
|  49|0x0000000706900000, 0x0000000706900000, 0x0000000706a00000|  0%| F|  |TAMS 0x0000000706900000, 0x0000000706900000| Untracked 
|  50|0x0000000706a00000, 0x0000000706a00000, 0x0000000706b00000|  0%| F|  |TAMS 0x0000000706a00000, 0x0000000706a00000| Untracked 
|  51|0x0000000706b00000, 0x0000000706b00000, 0x0000000706c00000|  0%| F|  |TAMS 0x0000000706b00000, 0x0000000706b00000| Untracked 
|  52|0x0000000706c00000, 0x0000000706c00000, 0x0000000706d00000|  0%| F|  |TAMS 0x0000000706c00000, 0x0000000706c00000| Untracked 
|  53|0x0000000706d00000, 0x0000000706d00000, 0x0000000706e00000|  0%| F|  |TAMS 0x0000000706d00000, 0x0000000706d00000| Untracked 
|  54|0x0000000706e00000, 0x0000000706e00000, 0x0000000706f00000|  0%| F|  |TAMS 0x0000000706e00000, 0x0000000706e00000| Untracked 
|  55|0x0000000706f00000, 0x0000000706f00000, 0x0000000707000000|  0%| F|  |TAMS 0x0000000706f00000, 0x0000000706f00000| Untracked 
|  56|0x0000000707000000, 0x0000000707000000, 0x0000000707100000|  0%| F|  |TAMS 0x0000000707000000, 0x0000000707000000| Untracked 
|  57|0x0000000707100000, 0x0000000707100000, 0x0000000707200000|  0%| F|  |TAMS 0x0000000707100000, 0x0000000707100000| Untracked 
|  58|0x0000000707200000, 0x0000000707200000, 0x0000000707300000|  0%| F|  |TAMS 0x0000000707200000, 0x0000000707200000| Untracked 
|  59|0x0000000707300000, 0x0000000707300000, 0x0000000707400000|  0%| F|  |TAMS 0x0000000707300000, 0x0000000707300000| Untracked 
|  60|0x0000000707400000, 0x0000000707400000, 0x0000000707500000|  0%| F|  |TAMS 0x0000000707400000, 0x0000000707400000| Untracked 
|  61|0x0000000707500000, 0x0000000707500000, 0x0000000707600000|  0%| F|  |TAMS 0x0000000707500000, 0x0000000707500000| Untracked 
|  62|0x0000000707600000, 0x0000000707600000, 0x0000000707700000|  0%| F|  |TAMS 0x0000000707600000, 0x0000000707600000| Untracked 
|  63|0x0000000707700000, 0x0000000707700000, 0x0000000707800000|  0%| F|  |TAMS 0x0000000707700000, 0x0000000707700000| Untracked 
|  64|0x0000000707800000, 0x0000000707800000, 0x0000000707900000|  0%| F|  |TAMS 0x0000000707800000, 0x0000000707800000| Untracked 
|  65|0x0000000707900000, 0x0000000707900000, 0x0000000707a00000|  0%| F|  |TAMS 0x0000000707900000, 0x0000000707900000| Untracked 
|  66|0x0000000707a00000, 0x0000000707a00000, 0x0000000707b00000|  0%| F|  |TAMS 0x0000000707a00000, 0x0000000707a00000| Untracked 
|  67|0x0000000707b00000, 0x0000000707b00000, 0x0000000707c00000|  0%| F|  |TAMS 0x0000000707b00000, 0x0000000707b00000| Untracked 
|  68|0x0000000707c00000, 0x0000000707c00000, 0x0000000707d00000|  0%| F|  |TAMS 0x0000000707c00000, 0x0000000707c00000| Untracked 
|  69|0x0000000707d00000, 0x0000000707d00000, 0x0000000707e00000|  0%| F|  |TAMS 0x0000000707d00000, 0x0000000707d00000| Untracked 
|  70|0x0000000707e00000, 0x0000000707e00000, 0x0000000707f00000|  0%| F|  |TAMS 0x0000000707e00000, 0x0000000707e00000| Untracked 
|  71|0x0000000707f00000, 0x0000000707f00000, 0x0000000708000000|  0%| F|  |TAMS 0x0000000707f00000, 0x0000000707f00000| Untracked 
|  72|0x0000000708000000, 0x0000000708000000, 0x0000000708100000|  0%| F|  |TAMS 0x0000000708000000, 0x0000000708000000| Untracked 
|  73|0x0000000708100000, 0x0000000708100000, 0x0000000708200000|  0%| F|  |TAMS 0x0000000708100000, 0x0000000708100000| Untracked 
|  74|0x0000000708200000, 0x0000000708200000, 0x0000000708300000|  0%| F|  |TAMS 0x0000000708200000, 0x0000000708200000| Untracked 
|  75|0x0000000708300000, 0x0000000708300000, 0x0000000708400000|  0%| F|  |TAMS 0x0000000708300000, 0x0000000708300000| Untracked 
|  76|0x0000000708400000, 0x0000000708400000, 0x0000000708500000|  0%| F|  |TAMS 0x0000000708400000, 0x0000000708400000| Untracked 
|  77|0x0000000708500000, 0x0000000708500000, 0x0000000708600000|  0%| F|  |TAMS 0x0000000708500000, 0x0000000708500000| Untracked 
|  78|0x0000000708600000, 0x0000000708600000, 0x0000000708700000|  0%| F|  |TAMS 0x0000000708600000, 0x0000000708600000| Untracked 
|  79|0x0000000708700000, 0x0000000708700000, 0x0000000708800000|  0%| F|  |TAMS 0x0000000708700000, 0x0000000708700000| Untracked 
|  80|0x0000000708800000, 0x0000000708800000, 0x0000000708900000|  0%| F|  |TAMS 0x0000000708800000, 0x0000000708800000| Untracked 
|  81|0x0000000708900000, 0x0000000708900000, 0x0000000708a00000|  0%| F|  |TAMS 0x0000000708900000, 0x0000000708900000| Untracked 
|  82|0x0000000708a00000, 0x0000000708a00000, 0x0000000708b00000|  0%| F|  |TAMS 0x0000000708a00000, 0x0000000708a00000| Untracked 
|  83|0x0000000708b00000, 0x0000000708b00000, 0x0000000708c00000|  0%| F|  |TAMS 0x0000000708b00000, 0x0000000708b00000| Untracked 
|  84|0x0000000708c00000, 0x0000000708c00000, 0x0000000708d00000|  0%| F|  |TAMS 0x0000000708c00000, 0x0000000708c00000| Untracked 
|  85|0x0000000708d00000, 0x0000000708d00000, 0x0000000708e00000|  0%| F|  |TAMS 0x0000000708d00000, 0x0000000708d00000| Untracked 
|  86|0x0000000708e00000, 0x0000000708e00000, 0x0000000708f00000|  0%| F|  |TAMS 0x0000000708e00000, 0x0000000708e00000| Untracked 
|  87|0x0000000708f00000, 0x0000000708f00000, 0x0000000709000000|  0%| F|  |TAMS 0x0000000708f00000, 0x0000000708f00000| Untracked 
|  88|0x0000000709000000, 0x0000000709000000, 0x0000000709100000|  0%| F|  |TAMS 0x0000000709000000, 0x0000000709000000| Untracked 
|  89|0x0000000709100000, 0x0000000709100000, 0x0000000709200000|  0%| F|  |TAMS 0x0000000709100000, 0x0000000709100000| Untracked 
|  90|0x0000000709200000, 0x0000000709200000, 0x0000000709300000|  0%| F|  |TAMS 0x0000000709200000, 0x0000000709200000| Untracked 
|  91|0x0000000709300000, 0x0000000709300000, 0x0000000709400000|  0%| F|  |TAMS 0x0000000709300000, 0x0000000709300000| Untracked 
|  92|0x0000000709400000, 0x0000000709400000, 0x0000000709500000|  0%| F|  |TAMS 0x0000000709400000, 0x0000000709400000| Untracked 
|  93|0x0000000709500000, 0x0000000709500000, 0x0000000709600000|  0%| F|  |TAMS 0x0000000709500000, 0x0000000709500000| Untracked 
|  94|0x0000000709600000, 0x0000000709600000, 0x0000000709700000|  0%| F|  |TAMS 0x0000000709600000, 0x0000000709600000| Untracked 
|  95|0x0000000709700000, 0x0000000709700000, 0x0000000709800000|  0%| F|  |TAMS 0x0000000709700000, 0x0000000709700000| Untracked 
|  96|0x0000000709800000, 0x0000000709800000, 0x0000000709900000|  0%| F|  |TAMS 0x0000000709800000, 0x0000000709800000| Untracked 
|  97|0x0000000709900000, 0x0000000709900000, 0x0000000709a00000|  0%| F|  |TAMS 0x0000000709900000, 0x0000000709900000| Untracked 
|  98|0x0000000709a00000, 0x0000000709a00000, 0x0000000709b00000|  0%| F|  |TAMS 0x0000000709a00000, 0x0000000709a00000| Untracked 
|  99|0x0000000709b00000, 0x0000000709b00000, 0x0000000709c00000|  0%| F|  |TAMS 0x0000000709b00000, 0x0000000709b00000| Untracked 
| 100|0x0000000709c00000, 0x0000000709c00000, 0x0000000709d00000|  0%| F|  |TAMS 0x0000000709c00000, 0x0000000709c00000| Untracked 
| 101|0x0000000709d00000, 0x0000000709d00000, 0x0000000709e00000|  0%| F|  |TAMS 0x0000000709d00000, 0x0000000709d00000| Untracked 
| 102|0x0000000709e00000, 0x0000000709e00000, 0x0000000709f00000|  0%| F|  |TAMS 0x0000000709e00000, 0x0000000709e00000| Untracked 
| 103|0x0000000709f00000, 0x0000000709f00000, 0x000000070a000000|  0%| F|  |TAMS 0x0000000709f00000, 0x0000000709f00000| Untracked 
| 104|0x000000070a000000, 0x000000070a000000, 0x000000070a100000|  0%| F|  |TAMS 0x000000070a000000, 0x000000070a000000| Untracked 
| 105|0x000000070a100000, 0x000000070a100000, 0x000000070a200000|  0%| F|  |TAMS 0x000000070a100000, 0x000000070a100000| Untracked 
| 106|0x000000070a200000, 0x000000070a200000, 0x000000070a300000|  0%| F|  |TAMS 0x000000070a200000, 0x000000070a200000| Untracked 
| 107|0x000000070a300000, 0x000000070a300000, 0x000000070a400000|  0%| F|  |TAMS 0x000000070a300000, 0x000000070a300000| Untracked 
| 108|0x000000070a400000, 0x000000070a400000, 0x000000070a500000|  0%| F|  |TAMS 0x000000070a400000, 0x000000070a400000| Untracked 
| 109|0x000000070a500000, 0x000000070a500000, 0x000000070a600000|  0%| F|  |TAMS 0x000000070a500000, 0x000000070a500000| Untracked 
| 110|0x000000070a600000, 0x000000070a600000, 0x000000070a700000|  0%| F|  |TAMS 0x000000070a600000, 0x000000070a600000| Untracked 
| 111|0x000000070a700000, 0x000000070a700000, 0x000000070a800000|  0%| F|  |TAMS 0x000000070a700000, 0x000000070a700000| Untracked 
| 112|0x000000070a800000, 0x000000070a800000, 0x000000070a900000|  0%| F|  |TAMS 0x000000070a800000, 0x000000070a800000| Untracked 
| 113|0x000000070a900000, 0x000000070a900000, 0x000000070aa00000|  0%| F|  |TAMS 0x000000070a900000, 0x000000070a900000| Untracked 
| 114|0x000000070aa00000, 0x000000070aa00000, 0x000000070ab00000|  0%| F|  |TAMS 0x000000070aa00000, 0x000000070aa00000| Untracked 
| 115|0x000000070ab00000, 0x000000070ab00000, 0x000000070ac00000|  0%| F|  |TAMS 0x000000070ab00000, 0x000000070ab00000| Untracked 
| 116|0x000000070ac00000, 0x000000070ac00000, 0x000000070ad00000|  0%| F|  |TAMS 0x000000070ac00000, 0x000000070ac00000| Untracked 
| 117|0x000000070ad00000, 0x000000070ad00000, 0x000000070ae00000|  0%| F|  |TAMS 0x000000070ad00000, 0x000000070ad00000| Untracked 
| 118|0x000000070ae00000, 0x000000070ae00000, 0x000000070af00000|  0%| F|  |TAMS 0x000000070ae00000, 0x000000070ae00000| Untracked 
| 119|0x000000070af00000, 0x000000070af00000, 0x000000070b000000|  0%| F|  |TAMS 0x000000070af00000, 0x000000070af00000| Untracked 
| 120|0x000000070b000000, 0x000000070b000000, 0x000000070b100000|  0%| F|  |TAMS 0x000000070b000000, 0x000000070b000000| Untracked 
| 121|0x000000070b100000, 0x000000070b100000, 0x000000070b200000|  0%| F|  |TAMS 0x000000070b100000, 0x000000070b100000| Untracked 
| 122|0x000000070b200000, 0x000000070b200000, 0x000000070b300000|  0%| F|  |TAMS 0x000000070b200000, 0x000000070b200000| Untracked 
| 123|0x000000070b300000, 0x000000070b300000, 0x000000070b400000|  0%| F|  |TAMS 0x000000070b300000, 0x000000070b300000| Untracked 
| 124|0x000000070b400000, 0x000000070b400000, 0x000000070b500000|  0%| F|  |TAMS 0x000000070b400000, 0x000000070b400000| Untracked 
| 125|0x000000070b500000, 0x000000070b500000, 0x000000070b600000|  0%| F|  |TAMS 0x000000070b500000, 0x000000070b500000| Untracked 
| 126|0x000000070b600000, 0x000000070b600000, 0x000000070b700000|  0%| F|  |TAMS 0x000000070b600000, 0x000000070b600000| Untracked 
| 127|0x000000070b700000, 0x000000070b700000, 0x000000070b800000|  0%| F|  |TAMS 0x000000070b700000, 0x000000070b700000| Untracked 
| 128|0x000000070b800000, 0x000000070b800000, 0x000000070b900000|  0%| F|  |TAMS 0x000000070b800000, 0x000000070b800000| Untracked 
| 129|0x000000070b900000, 0x000000070b900000, 0x000000070ba00000|  0%| F|  |TAMS 0x000000070b900000, 0x000000070b900000| Untracked 
| 130|0x000000070ba00000, 0x000000070ba00000, 0x000000070bb00000|  0%| F|  |TAMS 0x000000070ba00000, 0x000000070ba00000| Untracked 
| 131|0x000000070bb00000, 0x000000070bb00000, 0x000000070bc00000|  0%| F|  |TAMS 0x000000070bb00000, 0x000000070bb00000| Untracked 
| 132|0x000000070bc00000, 0x000000070bc00000, 0x000000070bd00000|  0%| F|  |TAMS 0x000000070bc00000, 0x000000070bc00000| Untracked 
| 133|0x000000070bd00000, 0x000000070bd00000, 0x000000070be00000|  0%| F|  |TAMS 0x000000070bd00000, 0x000000070bd00000| Untracked 
| 134|0x000000070be00000, 0x000000070be00000, 0x000000070bf00000|  0%| F|  |TAMS 0x000000070be00000, 0x000000070be00000| Untracked 
| 135|0x000000070bf00000, 0x000000070bf00000, 0x000000070c000000|  0%| F|  |TAMS 0x000000070bf00000, 0x000000070bf00000| Untracked 
| 136|0x000000070c000000, 0x000000070c000000, 0x000000070c100000|  0%| F|  |TAMS 0x000000070c000000, 0x000000070c000000| Untracked 
| 137|0x000000070c100000, 0x000000070c100000, 0x000000070c200000|  0%| F|  |TAMS 0x000000070c100000, 0x000000070c100000| Untracked 
| 138|0x000000070c200000, 0x000000070c200000, 0x000000070c300000|  0%| F|  |TAMS 0x000000070c200000, 0x000000070c200000| Untracked 
| 139|0x000000070c300000, 0x000000070c300000, 0x000000070c400000|  0%| F|  |TAMS 0x000000070c300000, 0x000000070c300000| Untracked 
| 140|0x000000070c400000, 0x000000070c400000, 0x000000070c500000|  0%| F|  |TAMS 0x000000070c400000, 0x000000070c400000| Untracked 
| 141|0x000000070c500000, 0x000000070c500000, 0x000000070c600000|  0%| F|  |TAMS 0x000000070c500000, 0x000000070c500000| Untracked 
| 142|0x000000070c600000, 0x000000070c600000, 0x000000070c700000|  0%| F|  |TAMS 0x000000070c600000, 0x000000070c600000| Untracked 
| 143|0x000000070c700000, 0x000000070c700000, 0x000000070c800000|  0%| F|  |TAMS 0x000000070c700000, 0x000000070c700000| Untracked 
| 144|0x000000070c800000, 0x000000070c800000, 0x000000070c900000|  0%| F|  |TAMS 0x000000070c800000, 0x000000070c800000| Untracked 
| 145|0x000000070c900000, 0x000000070c900000, 0x000000070ca00000|  0%| F|  |TAMS 0x000000070c900000, 0x000000070c900000| Untracked 
| 146|0x000000070ca00000, 0x000000070ca00000, 0x000000070cb00000|  0%| F|  |TAMS 0x000000070ca00000, 0x000000070ca00000| Untracked 
| 147|0x000000070cb00000, 0x000000070cb00000, 0x000000070cc00000|  0%| F|  |TAMS 0x000000070cb00000, 0x000000070cb00000| Untracked 
| 148|0x000000070cc00000, 0x000000070cc00000, 0x000000070cd00000|  0%| F|  |TAMS 0x000000070cc00000, 0x000000070cc00000| Untracked 
| 149|0x000000070cd00000, 0x000000070cd00000, 0x000000070ce00000|  0%| F|  |TAMS 0x000000070cd00000, 0x000000070cd00000| Untracked 
| 150|0x000000070ce00000, 0x000000070ce00000, 0x000000070cf00000|  0%| F|  |TAMS 0x000000070ce00000, 0x000000070ce00000| Untracked 
| 151|0x000000070cf00000, 0x000000070cf00000, 0x000000070d000000|  0%| F|  |TAMS 0x000000070cf00000, 0x000000070cf00000| Untracked 
| 152|0x000000070d000000, 0x000000070d000000, 0x000000070d100000|  0%| F|  |TAMS 0x000000070d000000, 0x000000070d000000| Untracked 
| 153|0x000000070d100000, 0x000000070d100000, 0x000000070d200000|  0%| F|  |TAMS 0x000000070d100000, 0x000000070d100000| Untracked 
| 154|0x000000070d200000, 0x000000070d200000, 0x000000070d300000|  0%| F|  |TAMS 0x000000070d200000, 0x000000070d200000| Untracked 
| 155|0x000000070d300000, 0x000000070d300000, 0x000000070d400000|  0%| F|  |TAMS 0x000000070d300000, 0x000000070d300000| Untracked 
| 156|0x000000070d400000, 0x000000070d400000, 0x000000070d500000|  0%| F|  |TAMS 0x000000070d400000, 0x000000070d400000| Untracked 
| 157|0x000000070d500000, 0x000000070d500000, 0x000000070d600000|  0%| F|  |TAMS 0x000000070d500000, 0x000000070d500000| Untracked 
| 158|0x000000070d600000, 0x000000070d600000, 0x000000070d700000|  0%| F|  |TAMS 0x000000070d600000, 0x000000070d600000| Untracked 
| 159|0x000000070d700000, 0x000000070d700000, 0x000000070d800000|  0%| F|  |TAMS 0x000000070d700000, 0x000000070d700000| Untracked 
| 160|0x000000070d800000, 0x000000070d800000, 0x000000070d900000|  0%| F|  |TAMS 0x000000070d800000, 0x000000070d800000| Untracked 
| 161|0x000000070d900000, 0x000000070d900000, 0x000000070da00000|  0%| F|  |TAMS 0x000000070d900000, 0x000000070d900000| Untracked 
| 162|0x000000070da00000, 0x000000070da00000, 0x000000070db00000|  0%| F|  |TAMS 0x000000070da00000, 0x000000070da00000| Untracked 
| 163|0x000000070db00000, 0x000000070db00000, 0x000000070dc00000|  0%| F|  |TAMS 0x000000070db00000, 0x000000070db00000| Untracked 
| 164|0x000000070dc00000, 0x000000070dc00000, 0x000000070dd00000|  0%| F|  |TAMS 0x000000070dc00000, 0x000000070dc00000| Untracked 
| 165|0x000000070dd00000, 0x000000070dd00000, 0x000000070de00000|  0%| F|  |TAMS 0x000000070dd00000, 0x000000070dd00000| Untracked 
| 166|0x000000070de00000, 0x000000070de00000, 0x000000070df00000|  0%| F|  |TAMS 0x000000070de00000, 0x000000070de00000| Untracked 
| 167|0x000000070df00000, 0x000000070df00000, 0x000000070e000000|  0%| F|  |TAMS 0x000000070df00000, 0x000000070df00000| Untracked 
| 168|0x000000070e000000, 0x000000070e000000, 0x000000070e100000|  0%| F|  |TAMS 0x000000070e000000, 0x000000070e000000| Untracked 
| 169|0x000000070e100000, 0x000000070e100000, 0x000000070e200000|  0%| F|  |TAMS 0x000000070e100000, 0x000000070e100000| Untracked 
| 170|0x000000070e200000, 0x000000070e200000, 0x000000070e300000|  0%| F|  |TAMS 0x000000070e200000, 0x000000070e200000| Untracked 
| 171|0x000000070e300000, 0x000000070e300000, 0x000000070e400000|  0%| F|  |TAMS 0x000000070e300000, 0x000000070e300000| Untracked 
| 172|0x000000070e400000, 0x000000070e400000, 0x000000070e500000|  0%| F|  |TAMS 0x000000070e400000, 0x000000070e400000| Untracked 
| 173|0x000000070e500000, 0x000000070e500000, 0x000000070e600000|  0%| F|  |TAMS 0x000000070e500000, 0x000000070e500000| Untracked 
| 174|0x000000070e600000, 0x000000070e600000, 0x000000070e700000|  0%| F|  |TAMS 0x000000070e600000, 0x000000070e600000| Untracked 
| 175|0x000000070e700000, 0x000000070e700000, 0x000000070e800000|  0%| F|  |TAMS 0x000000070e700000, 0x000000070e700000| Untracked 
| 176|0x000000070e800000, 0x000000070e800000, 0x000000070e900000|  0%| F|  |TAMS 0x000000070e800000, 0x000000070e800000| Untracked 
| 177|0x000000070e900000, 0x000000070e900000, 0x000000070ea00000|  0%| F|  |TAMS 0x000000070e900000, 0x000000070e900000| Untracked 
| 178|0x000000070ea00000, 0x000000070ea00000, 0x000000070eb00000|  0%| F|  |TAMS 0x000000070ea00000, 0x000000070ea00000| Untracked 
| 179|0x000000070eb00000, 0x000000070eb00000, 0x000000070ec00000|  0%| F|  |TAMS 0x000000070eb00000, 0x000000070eb00000| Untracked 
| 180|0x000000070ec00000, 0x000000070ec00000, 0x000000070ed00000|  0%| F|  |TAMS 0x000000070ec00000, 0x000000070ec00000| Untracked 
| 181|0x000000070ed00000, 0x000000070ed00000, 0x000000070ee00000|  0%| F|  |TAMS 0x000000070ed00000, 0x000000070ed00000| Untracked 
| 182|0x000000070ee00000, 0x000000070ee00000, 0x000000070ef00000|  0%| F|  |TAMS 0x000000070ee00000, 0x000000070ee00000| Untracked 
| 183|0x000000070ef00000, 0x000000070ef00000, 0x000000070f000000|  0%| F|  |TAMS 0x000000070ef00000, 0x000000070ef00000| Untracked 
| 184|0x000000070f000000, 0x000000070f000000, 0x000000070f100000|  0%| F|  |TAMS 0x000000070f000000, 0x000000070f000000| Untracked 
| 185|0x000000070f100000, 0x000000070f100000, 0x000000070f200000|  0%| F|  |TAMS 0x000000070f100000, 0x000000070f100000| Untracked 
| 186|0x000000070f200000, 0x000000070f200000, 0x000000070f300000|  0%| F|  |TAMS 0x000000070f200000, 0x000000070f200000| Untracked 
| 187|0x000000070f300000, 0x000000070f300000, 0x000000070f400000|  0%| F|  |TAMS 0x000000070f300000, 0x000000070f300000| Untracked 
| 188|0x000000070f400000, 0x000000070f400000, 0x000000070f500000|  0%| F|  |TAMS 0x000000070f400000, 0x000000070f400000| Untracked 
| 189|0x000000070f500000, 0x000000070f500000, 0x000000070f600000|  0%| F|  |TAMS 0x000000070f500000, 0x000000070f500000| Untracked 
| 190|0x000000070f600000, 0x000000070f600000, 0x000000070f700000|  0%| F|  |TAMS 0x000000070f600000, 0x000000070f600000| Untracked 
| 191|0x000000070f700000, 0x000000070f700000, 0x000000070f800000|  0%| F|  |TAMS 0x000000070f700000, 0x000000070f700000| Untracked 
| 192|0x000000070f800000, 0x000000070f800000, 0x000000070f900000|  0%| F|  |TAMS 0x000000070f800000, 0x000000070f800000| Untracked 
| 193|0x000000070f900000, 0x000000070f900000, 0x000000070fa00000|  0%| F|  |TAMS 0x000000070f900000, 0x000000070f900000| Untracked 
| 194|0x000000070fa00000, 0x000000070fa00000, 0x000000070fb00000|  0%| F|  |TAMS 0x000000070fa00000, 0x000000070fa00000| Untracked 
| 195|0x000000070fb00000, 0x000000070fb00000, 0x000000070fc00000|  0%| F|  |TAMS 0x000000070fb00000, 0x000000070fb00000| Untracked 
| 196|0x000000070fc00000, 0x000000070fc00000, 0x000000070fd00000|  0%| F|  |TAMS 0x000000070fc00000, 0x000000070fc00000| Untracked 
| 197|0x000000070fd00000, 0x000000070fd00000, 0x000000070fe00000|  0%| F|  |TAMS 0x000000070fd00000, 0x000000070fd00000| Untracked 
| 198|0x000000070fe00000, 0x000000070fe00000, 0x000000070ff00000|  0%| F|  |TAMS 0x000000070fe00000, 0x000000070fe00000| Untracked 
| 199|0x000000070ff00000, 0x000000070ff00000, 0x0000000710000000|  0%| F|  |TAMS 0x000000070ff00000, 0x000000070ff00000| Untracked 
| 200|0x0000000710000000, 0x0000000710000000, 0x0000000710100000|  0%| F|  |TAMS 0x0000000710000000, 0x0000000710000000| Untracked 
| 201|0x0000000710100000, 0x0000000710100000, 0x0000000710200000|  0%| F|  |TAMS 0x0000000710100000, 0x0000000710100000| Untracked 
| 202|0x0000000710200000, 0x0000000710200000, 0x0000000710300000|  0%| F|  |TAMS 0x0000000710200000, 0x0000000710200000| Untracked 
| 203|0x0000000710300000, 0x0000000710300000, 0x0000000710400000|  0%| F|  |TAMS 0x0000000710300000, 0x0000000710300000| Untracked 
| 204|0x0000000710400000, 0x0000000710400000, 0x0000000710500000|  0%| F|  |TAMS 0x0000000710400000, 0x0000000710400000| Untracked 
| 205|0x0000000710500000, 0x0000000710500000, 0x0000000710600000|  0%| F|  |TAMS 0x0000000710500000, 0x0000000710500000| Untracked 
| 206|0x0000000710600000, 0x0000000710600000, 0x0000000710700000|  0%| F|  |TAMS 0x0000000710600000, 0x0000000710600000| Untracked 
| 207|0x0000000710700000, 0x0000000710700000, 0x0000000710800000|  0%| F|  |TAMS 0x0000000710700000, 0x0000000710700000| Untracked 
| 208|0x0000000710800000, 0x0000000710800000, 0x0000000710900000|  0%| F|  |TAMS 0x0000000710800000, 0x0000000710800000| Untracked 
| 209|0x0000000710900000, 0x0000000710900000, 0x0000000710a00000|  0%| F|  |TAMS 0x0000000710900000, 0x0000000710900000| Untracked 
| 210|0x0000000710a00000, 0x0000000710a00000, 0x0000000710b00000|  0%| F|  |TAMS 0x0000000710a00000, 0x0000000710a00000| Untracked 
| 211|0x0000000710b00000, 0x0000000710b00000, 0x0000000710c00000|  0%| F|  |TAMS 0x0000000710b00000, 0x0000000710b00000| Untracked 
| 212|0x0000000710c00000, 0x0000000710c00000, 0x0000000710d00000|  0%| F|  |TAMS 0x0000000710c00000, 0x0000000710c00000| Untracked 
| 213|0x0000000710d00000, 0x0000000710d00000, 0x0000000710e00000|  0%| F|  |TAMS 0x0000000710d00000, 0x0000000710d00000| Untracked 
| 214|0x0000000710e00000, 0x0000000710e00000, 0x0000000710f00000|  0%| F|  |TAMS 0x0000000710e00000, 0x0000000710e00000| Untracked 
| 215|0x0000000710f00000, 0x0000000710f00000, 0x0000000711000000|  0%| F|  |TAMS 0x0000000710f00000, 0x0000000710f00000| Untracked 
| 216|0x0000000711000000, 0x0000000711000000, 0x0000000711100000|  0%| F|  |TAMS 0x0000000711000000, 0x0000000711000000| Untracked 
| 217|0x0000000711100000, 0x0000000711100000, 0x0000000711200000|  0%| F|  |TAMS 0x0000000711100000, 0x0000000711100000| Untracked 
| 218|0x0000000711200000, 0x0000000711200000, 0x0000000711300000|  0%| F|  |TAMS 0x0000000711200000, 0x0000000711200000| Untracked 
| 219|0x0000000711300000, 0x0000000711300000, 0x0000000711400000|  0%| F|  |TAMS 0x0000000711300000, 0x0000000711300000| Untracked 
| 220|0x0000000711400000, 0x0000000711400000, 0x0000000711500000|  0%| F|  |TAMS 0x0000000711400000, 0x0000000711400000| Untracked 
| 221|0x0000000711500000, 0x0000000711500000, 0x0000000711600000|  0%| F|  |TAMS 0x0000000711500000, 0x0000000711500000| Untracked 
| 222|0x0000000711600000, 0x0000000711600000, 0x0000000711700000|  0%| F|  |TAMS 0x0000000711600000, 0x0000000711600000| Untracked 
| 223|0x0000000711700000, 0x0000000711700000, 0x0000000711800000|  0%| F|  |TAMS 0x0000000711700000, 0x0000000711700000| Untracked 
| 224|0x0000000711800000, 0x0000000711800000, 0x0000000711900000|  0%| F|  |TAMS 0x0000000711800000, 0x0000000711800000| Untracked 
| 225|0x0000000711900000, 0x0000000711900000, 0x0000000711a00000|  0%| F|  |TAMS 0x0000000711900000, 0x0000000711900000| Untracked 
| 226|0x0000000711a00000, 0x0000000711a00000, 0x0000000711b00000|  0%| F|  |TAMS 0x0000000711a00000, 0x0000000711a00000| Untracked 
| 227|0x0000000711b00000, 0x0000000711b00000, 0x0000000711c00000|  0%| F|  |TAMS 0x0000000711b00000, 0x0000000711b00000| Untracked 
| 228|0x0000000711c00000, 0x0000000711c00000, 0x0000000711d00000|  0%| F|  |TAMS 0x0000000711c00000, 0x0000000711c00000| Untracked 
| 229|0x0000000711d00000, 0x0000000711d00000, 0x0000000711e00000|  0%| F|  |TAMS 0x0000000711d00000, 0x0000000711d00000| Untracked 
| 230|0x0000000711e00000, 0x0000000711e00000, 0x0000000711f00000|  0%| F|  |TAMS 0x0000000711e00000, 0x0000000711e00000| Untracked 
| 231|0x0000000711f00000, 0x0000000711f00000, 0x0000000712000000|  0%| F|  |TAMS 0x0000000711f00000, 0x0000000711f00000| Untracked 
| 232|0x0000000712000000, 0x0000000712000000, 0x0000000712100000|  0%| F|  |TAMS 0x0000000712000000, 0x0000000712000000| Untracked 
| 233|0x0000000712100000, 0x0000000712100000, 0x0000000712200000|  0%| F|  |TAMS 0x0000000712100000, 0x0000000712100000| Untracked 
| 234|0x0000000712200000, 0x0000000712200000, 0x0000000712300000|  0%| F|  |TAMS 0x0000000712200000, 0x0000000712200000| Untracked 
| 235|0x0000000712300000, 0x0000000712300000, 0x0000000712400000|  0%| F|  |TAMS 0x0000000712300000, 0x0000000712300000| Untracked 
| 236|0x0000000712400000, 0x0000000712400000, 0x0000000712500000|  0%| F|  |TAMS 0x0000000712400000, 0x0000000712400000| Untracked 
| 237|0x0000000712500000, 0x0000000712500000, 0x0000000712600000|  0%| F|  |TAMS 0x0000000712500000, 0x0000000712500000| Untracked 
| 238|0x0000000712600000, 0x0000000712600000, 0x0000000712700000|  0%| F|  |TAMS 0x0000000712600000, 0x0000000712600000| Untracked 
| 239|0x0000000712700000, 0x0000000712700000, 0x0000000712800000|  0%| F|  |TAMS 0x0000000712700000, 0x0000000712700000| Untracked 
| 240|0x0000000712800000, 0x0000000712800000, 0x0000000712900000|  0%| F|  |TAMS 0x0000000712800000, 0x0000000712800000| Untracked 
| 241|0x0000000712900000, 0x0000000712900000, 0x0000000712a00000|  0%| F|  |TAMS 0x0000000712900000, 0x0000000712900000| Untracked 
| 242|0x0000000712a00000, 0x0000000712a00000, 0x0000000712b00000|  0%| F|  |TAMS 0x0000000712a00000, 0x0000000712a00000| Untracked 
| 243|0x0000000712b00000, 0x0000000712b00000, 0x0000000712c00000|  0%| F|  |TAMS 0x0000000712b00000, 0x0000000712b00000| Untracked 
| 244|0x0000000712c00000, 0x0000000712c00000, 0x0000000712d00000|  0%| F|  |TAMS 0x0000000712c00000, 0x0000000712c00000| Untracked 
| 245|0x0000000712d00000, 0x0000000712d00000, 0x0000000712e00000|  0%| F|  |TAMS 0x0000000712d00000, 0x0000000712d00000| Untracked 
| 246|0x0000000712e00000, 0x0000000712e00000, 0x0000000712f00000|  0%| F|  |TAMS 0x0000000712e00000, 0x0000000712e00000| Untracked 
| 247|0x0000000712f00000, 0x0000000712f00000, 0x0000000713000000|  0%| F|  |TAMS 0x0000000712f00000, 0x0000000712f00000| Untracked 
| 248|0x0000000713000000, 0x0000000713000000, 0x0000000713100000|  0%| F|  |TAMS 0x0000000713000000, 0x0000000713000000| Untracked 
| 249|0x0000000713100000, 0x0000000713100000, 0x0000000713200000|  0%| F|  |TAMS 0x0000000713100000, 0x0000000713100000| Untracked 
| 250|0x0000000713200000, 0x0000000713200000, 0x0000000713300000|  0%| F|  |TAMS 0x0000000713200000, 0x0000000713200000| Untracked 
| 251|0x0000000713300000, 0x0000000713300000, 0x0000000713400000|  0%| F|  |TAMS 0x0000000713300000, 0x0000000713300000| Untracked 
| 252|0x0000000713400000, 0x0000000713400000, 0x0000000713500000|  0%| F|  |TAMS 0x0000000713400000, 0x0000000713400000| Untracked 
| 253|0x0000000713500000, 0x0000000713500000, 0x0000000713600000|  0%| F|  |TAMS 0x0000000713500000, 0x0000000713500000| Untracked 
| 254|0x0000000713600000, 0x0000000713600000, 0x0000000713700000|  0%| F|  |TAMS 0x0000000713600000, 0x0000000713600000| Untracked 
| 255|0x0000000713700000, 0x0000000713700000, 0x0000000713800000|  0%| F|  |TAMS 0x0000000713700000, 0x0000000713700000| Untracked 
| 256|0x0000000713800000, 0x0000000713800000, 0x0000000713900000|  0%| F|  |TAMS 0x0000000713800000, 0x0000000713800000| Untracked 
| 257|0x0000000713900000, 0x0000000713900000, 0x0000000713a00000|  0%| F|  |TAMS 0x0000000713900000, 0x0000000713900000| Untracked 
| 258|0x0000000713a00000, 0x0000000713a00000, 0x0000000713b00000|  0%| F|  |TAMS 0x0000000713a00000, 0x0000000713a00000| Untracked 
| 259|0x0000000713b00000, 0x0000000713b00000, 0x0000000713c00000|  0%| F|  |TAMS 0x0000000713b00000, 0x0000000713b00000| Untracked 
| 260|0x0000000713c00000, 0x0000000713c00000, 0x0000000713d00000|  0%| F|  |TAMS 0x0000000713c00000, 0x0000000713c00000| Untracked 
| 261|0x0000000713d00000, 0x0000000713d00000, 0x0000000713e00000|  0%| F|  |TAMS 0x0000000713d00000, 0x0000000713d00000| Untracked 
| 262|0x0000000713e00000, 0x0000000713e00000, 0x0000000713f00000|  0%| F|  |TAMS 0x0000000713e00000, 0x0000000713e00000| Untracked 
| 263|0x0000000713f00000, 0x0000000713f00000, 0x0000000714000000|  0%| F|  |TAMS 0x0000000713f00000, 0x0000000713f00000| Untracked 
| 264|0x0000000714000000, 0x0000000714000000, 0x0000000714100000|  0%| F|  |TAMS 0x0000000714000000, 0x0000000714000000| Untracked 
| 265|0x0000000714100000, 0x0000000714100000, 0x0000000714200000|  0%| F|  |TAMS 0x0000000714100000, 0x0000000714100000| Untracked 
| 266|0x0000000714200000, 0x0000000714200000, 0x0000000714300000|  0%| F|  |TAMS 0x0000000714200000, 0x0000000714200000| Untracked 
| 267|0x0000000714300000, 0x0000000714300000, 0x0000000714400000|  0%| F|  |TAMS 0x0000000714300000, 0x0000000714300000| Untracked 
| 268|0x0000000714400000, 0x0000000714400000, 0x0000000714500000|  0%| F|  |TAMS 0x0000000714400000, 0x0000000714400000| Untracked 
| 269|0x0000000714500000, 0x0000000714500000, 0x0000000714600000|  0%| F|  |TAMS 0x0000000714500000, 0x0000000714500000| Untracked 
| 270|0x0000000714600000, 0x00000007146d3f68, 0x0000000714700000| 82%| S|CS|TAMS 0x0000000714600000, 0x0000000714600000| Complete 
| 271|0x0000000714700000, 0x0000000714800000, 0x0000000714800000|100%| S|CS|TAMS 0x0000000714700000, 0x0000000714700000| Complete 
| 272|0x0000000714800000, 0x0000000714900000, 0x0000000714900000|100%| S|CS|TAMS 0x0000000714800000, 0x0000000714800000| Complete 
| 273|0x0000000714900000, 0x0000000714a00000, 0x0000000714a00000|100%| S|CS|TAMS 0x0000000714900000, 0x0000000714900000| Complete 
| 274|0x0000000714a00000, 0x0000000714b00000, 0x0000000714b00000|100%| S|CS|TAMS 0x0000000714a00000, 0x0000000714a00000| Complete 
| 275|0x0000000714b00000, 0x0000000714b00000, 0x0000000714c00000|  0%| F|  |TAMS 0x0000000714b00000, 0x0000000714b00000| Untracked 
| 276|0x0000000714c00000, 0x0000000714c00000, 0x0000000714d00000|  0%| F|  |TAMS 0x0000000714c00000, 0x0000000714c00000| Untracked 
| 277|0x0000000714d00000, 0x0000000714d00000, 0x0000000714e00000|  0%| F|  |TAMS 0x0000000714d00000, 0x0000000714d00000| Untracked 
| 278|0x0000000714e00000, 0x0000000714e00000, 0x0000000714f00000|  0%| F|  |TAMS 0x0000000714e00000, 0x0000000714e00000| Untracked 
| 279|0x0000000714f00000, 0x0000000714f00000, 0x0000000715000000|  0%| F|  |TAMS 0x0000000714f00000, 0x0000000714f00000| Untracked 
| 280|0x0000000715000000, 0x0000000715000000, 0x0000000715100000|  0%| F|  |TAMS 0x0000000715000000, 0x0000000715000000| Untracked 
| 281|0x0000000715100000, 0x0000000715180800, 0x0000000715200000| 50%| E|  |TAMS 0x0000000715100000, 0x0000000715100000| Complete 
| 282|0x0000000715200000, 0x0000000715300000, 0x0000000715300000|100%| E|CS|TAMS 0x0000000715200000, 0x0000000715200000| Complete 
| 283|0x0000000715300000, 0x0000000715400000, 0x0000000715400000|100%| E|CS|TAMS 0x0000000715300000, 0x0000000715300000| Complete 
| 284|0x0000000715400000, 0x0000000715500000, 0x0000000715500000|100%| E|CS|TAMS 0x0000000715400000, 0x0000000715400000| Complete 
| 285|0x0000000715500000, 0x0000000715600000, 0x0000000715600000|100%| E|CS|TAMS 0x0000000715500000, 0x0000000715500000| Complete 
| 286|0x0000000715600000, 0x0000000715700000, 0x0000000715700000|100%| E|CS|TAMS 0x0000000715600000, 0x0000000715600000| Complete 
| 287|0x0000000715700000, 0x0000000715800000, 0x0000000715800000|100%| E|CS|TAMS 0x0000000715700000, 0x0000000715700000| Complete 
| 288|0x0000000715800000, 0x0000000715900000, 0x0000000715900000|100%| E|CS|TAMS 0x0000000715800000, 0x0000000715800000| Complete 
| 289|0x0000000715900000, 0x0000000715a00000, 0x0000000715a00000|100%| E|CS|TAMS 0x0000000715900000, 0x0000000715900000| Complete 
| 290|0x0000000715a00000, 0x0000000715b00000, 0x0000000715b00000|100%| E|CS|TAMS 0x0000000715a00000, 0x0000000715a00000| Complete 
| 291|0x0000000715b00000, 0x0000000715c00000, 0x0000000715c00000|100%| E|CS|TAMS 0x0000000715b00000, 0x0000000715b00000| Complete 
| 292|0x0000000715c00000, 0x0000000715d00000, 0x0000000715d00000|100%| E|CS|TAMS 0x0000000715c00000, 0x0000000715c00000| Complete 
| 293|0x0000000715d00000, 0x0000000715e00000, 0x0000000715e00000|100%| E|CS|TAMS 0x0000000715d00000, 0x0000000715d00000| Complete 
| 294|0x0000000715e00000, 0x0000000715f00000, 0x0000000715f00000|100%| E|CS|TAMS 0x0000000715e00000, 0x0000000715e00000| Complete 
| 295|0x0000000715f00000, 0x0000000716000000, 0x0000000716000000|100%| E|CS|TAMS 0x0000000715f00000, 0x0000000715f00000| Complete 
| 296|0x0000000716000000, 0x0000000716100000, 0x0000000716100000|100%| E|CS|TAMS 0x0000000716000000, 0x0000000716000000| Complete 
| 297|0x0000000716100000, 0x0000000716200000, 0x0000000716200000|100%| E|CS|TAMS 0x0000000716100000, 0x0000000716100000| Complete 
| 298|0x0000000716200000, 0x0000000716300000, 0x0000000716300000|100%| E|CS|TAMS 0x0000000716200000, 0x0000000716200000| Complete 
| 299|0x0000000716300000, 0x0000000716400000, 0x0000000716400000|100%| E|CS|TAMS 0x0000000716300000, 0x0000000716300000| Complete 
| 300|0x0000000716400000, 0x0000000716500000, 0x0000000716500000|100%| E|CS|TAMS 0x0000000716400000, 0x0000000716400000| Complete 
| 301|0x0000000716500000, 0x0000000716600000, 0x0000000716600000|100%| E|CS|TAMS 0x0000000716500000, 0x0000000716500000| Complete 
| 302|0x0000000716600000, 0x0000000716700000, 0x0000000716700000|100%| E|CS|TAMS 0x0000000716600000, 0x0000000716600000| Complete 
| 303|0x0000000716700000, 0x0000000716800000, 0x0000000716800000|100%| E|CS|TAMS 0x0000000716700000, 0x0000000716700000| Complete 
| 304|0x0000000716800000, 0x0000000716900000, 0x0000000716900000|100%| E|CS|TAMS 0x0000000716800000, 0x0000000716800000| Complete 

Card table byte_map: [0x000001b8b0010000,0x000001b8b0800000] _byte_map_base: 0x000001b8ac7f4000

Marking Bits (Prev, Next): (CMBitMap*) 0x000001b89c801780, (CMBitMap*) 0x000001b89c801748
 Prev Bits: [0x000001b8b4f10000, 0x000001b8b8e30000)
 Next Bits: [0x000001b8b0ff0000, 0x000001b8b4f10000)

Polling page: 0x000001b89a6f0000

Metaspace:

Usage:
  Non-class:     54.96 MB capacity,    54.50 MB (>99%) used,   375.03 KB ( <1%) free+waste,    93.81 KB ( <1%) overhead. 
      Class:      7.43 MB capacity,     7.14 MB ( 96%) used,   258.94 KB (  3%) free+waste,    39.62 KB ( <1%) overhead. 
       Both:     62.39 MB capacity,    61.64 MB ( 99%) used,   633.97 KB ( <1%) free+waste,   133.44 KB ( <1%) overhead. 

Virtual space:
  Non-class space:       56.00 MB reserved,      55.00 MB ( 98%) committed 
      Class space:        1.00 GB reserved,       7.50 MB ( <1%) committed 
             Both:        1.05 GB reserved,      62.50 MB (  6%) committed 

Chunk freelists:
   Non-Class:  40.00 KB
       Class:  7.00 KB
        Both:  47.00 KB

MaxMetaspaceSize: 17179869184.00 GB
CompressedClassSpaceSize: 1.00 GB
Initial GC threshold: 20.80 MB
Current GC threshold: 97.50 MB
CDS: off

CodeHeap 'non-profiled nmethods': size=120000Kb used=3681Kb max_used=3681Kb free=116318Kb
 bounds [0x000001b8a7da0000, 0x000001b8a8140000, 0x000001b8af2d0000]
CodeHeap 'profiled nmethods': size=120000Kb used=15393Kb max_used=15393Kb free=104607Kb
 bounds [0x000001b8a0870000, 0x000001b8a1780000, 0x000001b8a7da0000]
CodeHeap 'non-nmethods': size=5760Kb used=1306Kb max_used=1349Kb free=4453Kb
 bounds [0x000001b8a02d0000, 0x000001b8a0540000, 0x000001b8a0870000]
 total_blobs=7177 nmethods=6578 adapters=510
 compilation: enabled
              stopped_count=0, restarted_count=0
 full_count=0

Compilation events (20 events):
Event: 6.220 Thread 0x000001b8bc48f000 nmethod 6540 0x000001b8a1750010 code [0x000001b8a1750280, 0x000001b8a17509a8]
Event: 6.220 Thread 0x000001b8bc48f000 6551   !   3       androidx.room.jarjarred.org.antlr.v4.runtime.atn.LL1Analyzer::_LOOK (542 bytes)
Event: 6.221 Thread 0x000001b8bc641800 6553       4       androidx.room.jarjarred.org.antlr.v4.runtime.atn.ATNState::transition (14 bytes)
Event: 6.222 Thread 0x000001b8bc641800 nmethod 6553 0x000001b8a812d510 code [0x000001b8a812d6c0, 0x000001b8a812d838]
Event: 6.222 Thread 0x000001b8bc48f000 nmethod 6551 0x000001b8a1750c10 code [0x000001b8a17512a0, 0x000001b8a1755238]
Event: 6.222 Thread 0x000001b8bc48f000 6547       3       androidx.room.jarjarred.org.antlr.v4.runtime.misc.Interval::adjacent (32 bytes)
Event: 6.223 Thread 0x000001b8bc48f000 nmethod 6547 0x000001b8a1756690 code [0x000001b8a1756840, 0x000001b8a17569f8]
Event: 6.223 Thread 0x000001b8bc48f000 6548       3       androidx.room.jarjarred.org.antlr.v4.runtime.misc.Interval::disjoint (22 bytes)
Event: 6.223 Thread 0x000001b8bc48f000 nmethod 6548 0x000001b8a1756a90 code [0x000001b8a1756c60, 0x000001b8a1756fb8]
Event: 6.223 Thread 0x000001b8bc48f000 6546       3       androidx.room.jarjarred.org.antlr.v4.runtime.misc.Interval::equals (46 bytes)
Event: 6.223 Thread 0x000001b8bc48f000 nmethod 6546 0x000001b8a1757110 code [0x000001b8a17572e0, 0x000001b8a1757718]
Event: 6.223 Thread 0x000001b8bc48f000 6549       3       androidx.room.jarjarred.org.antlr.v4.runtime.misc.Interval::startsAfterDisjoint (17 bytes)
Event: 6.223 Thread 0x000001b8bc48f000 nmethod 6549 0x000001b8a1757810 code [0x000001b8a17579c0, 0x000001b8a1757b18]
Event: 6.223 Thread 0x000001b8bc48f000 6550       3       androidx.room.jarjarred.org.antlr.v4.runtime.atn.ATNConfig::<init> (26 bytes)
Event: 6.223 Thread 0x000001b8bc48f000 nmethod 6550 0x000001b8a1757c10 code [0x000001b8a1757dc0, 0x000001b8a1758058]
Event: 6.223 Thread 0x000001b8bc48f000 6554       3       androidx.room.jarjarred.org.antlr.v4.runtime.atn.ATNConfig::hashCode (53 bytes)
Event: 6.223 Thread 0x000001b8bc48f000 nmethod 6554 0x000001b8a1758110 code [0x000001b8a1758340, 0x000001b8a1758818]
Event: 6.223 Thread 0x000001b8bc48f000 6560       3       androidx.room.jarjarred.org.antlr.v4.runtime.misc.IntervalSet::contains (97 bytes)
Event: 6.223 Thread 0x000001b8bc48f000 nmethod 6560 0x000001b8a1758a10 code [0x000001b8a1758c00, 0x000001b8a1759178]
Event: 6.223 Thread 0x000001b8bc48f000 6563       3       androidx.room.jarjarred.org.antlr.v4.runtime.misc.IntervalSet::add (216 bytes)

GC Heap History (16 events):
Event: 0.630 GC heap before
{Heap before GC invocations=0 (full 0):
 garbage-first heap   total 260096K, used 27648K [0x0000000703800000, 0x0000000800000000)
  region size 1024K, 24 young (24576K), 0 survivors (0K)
 Metaspace       used 12366K, capacity 12504K, committed 12800K, reserved 1060864K
  class space    used 1150K, capacity 1207K, committed 1280K, reserved 1048576K
}
Event: 0.633 GC heap after
{Heap after GC invocations=1 (full 0):
 garbage-first heap   total 260096K, used 5957K [0x0000000703800000, 0x0000000800000000)
  region size 1024K, 3 young (3072K), 3 survivors (3072K)
 Metaspace       used 12366K, capacity 12504K, committed 12800K, reserved 1060864K
  class space    used 1150K, capacity 1207K, committed 1280K, reserved 1048576K
}
Event: 0.989 GC heap before
{Heap before GC invocations=1 (full 0):
 garbage-first heap   total 260096K, used 43845K [0x0000000703800000, 0x0000000800000000)
  region size 1024K, 41 young (41984K), 3 survivors (3072K)
 Metaspace       used 20850K, capacity 21132K, committed 21248K, reserved 1069056K
  class space    used 2193K, capacity 2283K, committed 2304K, reserved 1048576K
}
Event: 0.995 GC heap after
{Heap after GC invocations=2 (full 0):
 garbage-first heap   total 260096K, used 9569K [0x0000000703800000, 0x0000000800000000)
  region size 1024K, 7 young (7168K), 7 survivors (7168K)
 Metaspace       used 20850K, capacity 21132K, committed 21248K, reserved 1069056K
  class space    used 2193K, capacity 2283K, committed 2304K, reserved 1048576K
}
Event: 1.694 GC heap before
{Heap before GC invocations=3 (full 0):
 garbage-first heap   total 260096K, used 67937K [0x0000000703800000, 0x0000000800000000)
  region size 1024K, 59 young (60416K), 7 survivors (7168K)
 Metaspace       used 31630K, capacity 32062K, committed 32384K, reserved 1077248K
  class space    used 3736K, capacity 3936K, committed 3968K, reserved 1048576K
}
Event: 1.706 GC heap after
{Heap after GC invocations=4 (full 0):
 garbage-first heap   total 260096K, used 22803K [0x0000000703800000, 0x0000000800000000)
  region size 1024K, 8 young (8192K), 8 survivors (8192K)
 Metaspace       used 31630K, capacity 32062K, committed 32384K, reserved 1077248K
  class space    used 3736K, capacity 3936K, committed 3968K, reserved 1048576K
}
Event: 1.933 GC heap before
{Heap before GC invocations=4 (full 0):
 garbage-first heap   total 260096K, used 34067K [0x0000000703800000, 0x0000000800000000)
  region size 1024K, 19 young (19456K), 8 survivors (8192K)
 Metaspace       used 33573K, capacity 34025K, committed 34432K, reserved 1079296K
  class space    used 4153K, capacity 4355K, committed 4480K, reserved 1048576K
}
Event: 1.940 GC heap after
{Heap after GC invocations=5 (full 0):
 garbage-first heap   total 260096K, used 24763K [0x0000000703800000, 0x0000000800000000)
  region size 1024K, 2 young (2048K), 2 survivors (2048K)
 Metaspace       used 33573K, capacity 34025K, committed 34432K, reserved 1079296K
  class space    used 4153K, capacity 4355K, committed 4480K, reserved 1048576K
}
Event: 2.036 GC heap before
{Heap before GC invocations=5 (full 0):
 garbage-first heap   total 260096K, used 28859K [0x0000000703800000, 0x0000000800000000)
  region size 1024K, 7 young (7168K), 2 survivors (2048K)
 Metaspace       used 34897K, capacity 35305K, committed 35584K, reserved 1081344K
  class space    used 4305K, capacity 4483K, committed 4608K, reserved 1048576K
}
Event: 2.038 GC heap after
{Heap after GC invocations=6 (full 0):
 garbage-first heap   total 260096K, used 24828K [0x0000000703800000, 0x0000000800000000)
  region size 1024K, 2 young (2048K), 2 survivors (2048K)
 Metaspace       used 34897K, capacity 35305K, committed 35584K, reserved 1081344K
  class space    used 4305K, capacity 4483K, committed 4608K, reserved 1048576K
}
Event: 2.868 GC heap before
{Heap before GC invocations=7 (full 0):
 garbage-first heap   total 260096K, used 94460K [0x0000000703800000, 0x0000000800000000)
  region size 1024K, 70 young (71680K), 2 survivors (2048K)
 Metaspace       used 46314K, capacity 46855K, committed 47104K, reserved 1091584K
  class space    used 5388K, capacity 5585K, committed 5632K, reserved 1048576K
}
Event: 2.876 GC heap after
{Heap after GC invocations=8 (full 0):
 garbage-first heap   total 260096K, used 32413K [0x0000000703800000, 0x0000000800000000)
  region size 1024K, 9 young (9216K), 9 survivors (9216K)
 Metaspace       used 46314K, capacity 46855K, committed 47104K, reserved 1091584K
  class space    used 5388K, capacity 5585K, committed 5632K, reserved 1048576K
}
Event: 5.371 GC heap before
{Heap before GC invocations=8 (full 0):
 garbage-first heap   total 260096K, used 123549K [0x0000000703800000, 0x0000000800000000)
  region size 1024K, 95 young (97280K), 9 survivors (9216K)
 Metaspace       used 53676K, capacity 54277K, committed 54528K, reserved 1097728K
  class space    used 6150K, capacity 6387K, committed 6400K, reserved 1048576K
}
Event: 5.406 GC heap after
{Heap after GC invocations=9 (full 0):
 garbage-first heap   total 312320K, used 46714K [0x0000000703800000, 0x0000000800000000)
  region size 1024K, 12 young (12288K), 12 survivors (12288K)
 Metaspace       used 53676K, capacity 54277K, committed 54528K, reserved 1097728K
  class space    used 6150K, capacity 6387K, committed 6400K, reserved 1048576K
}
Event: 5.858 GC heap before
{Heap before GC invocations=9 (full 0):
 garbage-first heap   total 312320K, used 76410K [0x0000000703800000, 0x0000000800000000)
  region size 1024K, 42 young (43008K), 12 survivors (12288K)
 Metaspace       used 58800K, capacity 59509K, committed 59648K, reserved 1101824K
  class space    used 6758K, capacity 7044K, committed 7168K, reserved 1048576K
}
Event: 5.873 GC heap after
{Heap after GC invocations=10 (full 0):
 garbage-first heap   total 312320K, used 51589K [0x0000000703800000, 0x0000000800000000)
  region size 1024K, 5 young (5120K), 5 survivors (5120K)
 Metaspace       used 58800K, capacity 59509K, committed 59648K, reserved 1101824K
  class space    used 6758K, capacity 7044K, committed 7168K, reserved 1048576K
}

Deoptimization events (20 events):
Event: 6.101 Thread 0x000001b89c79e000 DEOPT PACKING pc=0x000001b8a80c7964 sp=0x0000003252ffa000
Event: 6.101 Thread 0x000001b89c79e000 DEOPT UNPACKING pc=0x000001b8a031a1af sp=0x0000003252ffa000 mode 2
Event: 6.106 Thread 0x000001b89c79e000 Uncommon trap: trap_request=0xffffff6e fr.pc=0x000001b8a80be30c relative=0x000000000000004c
Event: 6.106 Thread 0x000001b89c79e000 Uncommon trap: reason=speculate_class_check action=maybe_recompile pc=0x000001b8a80be30c method=java.lang.invoke.Invokers$Holder.linkToTargetMethod(Ljava/lang/Object;Ljava/lang/Object;)Ljava/lang/Object; @ 1 c2
Event: 6.106 Thread 0x000001b89c79e000 DEOPT PACKING pc=0x000001b8a80be30c sp=0x0000003252ffc5a0
Event: 6.106 Thread 0x000001b89c79e000 DEOPT UNPACKING pc=0x000001b8a031a1af sp=0x0000003252ffc530 mode 2
Event: 6.131 Thread 0x000001b89c79e000 Uncommon trap: trap_request=0xffffff4d fr.pc=0x000001b8a7df8540 relative=0x00000000000001c0
Event: 6.131 Thread 0x000001b89c79e000 Uncommon trap: reason=unstable_if action=reinterpret pc=0x000001b8a7df8540 method=java.util.HashMap.putVal(ILjava/lang/Object;Ljava/lang/Object;ZZ)Ljava/lang/Object; @ 162 c2
Event: 6.131 Thread 0x000001b89c79e000 DEOPT PACKING pc=0x000001b8a7df8540 sp=0x0000003252ffcfb0
Event: 6.131 Thread 0x000001b89c79e000 DEOPT UNPACKING pc=0x000001b8a031a1af sp=0x0000003252ffcf40 mode 2
Event: 6.131 Thread 0x000001b89c79e000 Uncommon trap: trap_request=0xffffff4d fr.pc=0x000001b8a7e4749c relative=0x00000000000009bc
Event: 6.131 Thread 0x000001b89c79e000 Uncommon trap: reason=unstable_if action=reinterpret pc=0x000001b8a7e4749c method=java.util.HashMap.resize()[Ljava/util/HashMap$Node; @ 203 c2
Event: 6.131 Thread 0x000001b89c79e000 DEOPT PACKING pc=0x000001b8a7e4749c sp=0x0000003252ffcee0
Event: 6.131 Thread 0x000001b89c79e000 DEOPT UNPACKING pc=0x000001b8a031a1af sp=0x0000003252ffce78 mode 2
Event: 6.134 Thread 0x000001b89c79e000 DEOPT PACKING pc=0x000001b8a0b6c228 sp=0x0000003252ffb1c0
Event: 6.134 Thread 0x000001b89c79e000 DEOPT UNPACKING pc=0x000001b8a031a95e sp=0x0000003252ffa728 mode 0
Event: 6.211 Thread 0x000001b89c79e000 Uncommon trap: trap_request=0xffffff4d fr.pc=0x000001b8a812a8a8 relative=0x00000000000007a8
Event: 6.211 Thread 0x000001b89c79e000 Uncommon trap: reason=unstable_if action=reinterpret pc=0x000001b8a812a8a8 method=androidx.room.jarjarred.org.antlr.v4.runtime.atn.ATNState.addTransition(ILandroidx/room/jarjarred/org/antlr/v4/runtime/atn/Transition;)V @ 115 c2
Event: 6.211 Thread 0x000001b89c79e000 DEOPT PACKING pc=0x000001b8a812a8a8 sp=0x0000003252ffcc10
Event: 6.211 Thread 0x000001b89c79e000 DEOPT UNPACKING pc=0x000001b8a031a1af sp=0x0000003252ffcbd8 mode 2

Classes redefined (0 events):
No events

Internal exceptions (20 events):
Event: 1.178 Thread 0x000001b89c79e000 Exception <a 'java/lang/NoSuchMethodError'{0x0000000712116780}: 'void java.lang.invoke.DirectMethodHandle$Holder.invokeStaticInit(java.lang.Object, java.lang.Object)'> (0x0000000712116780) thrown at [src/hotspot/share/interpreter/linkResolver.cpp, line 773]
Event: 1.236 Thread 0x000001b89c79e000 Exception <a 'java/lang/NoSuchMethodError'{0x0000000711a418b0}: 'void java.lang.invoke.DirectMethodHandle$Holder.invokeVirtual(java.lang.Object, java.lang.Object)'> (0x0000000711a418b0) thrown at [src/hotspot/share/interpreter/linkResolver.cpp, line 773]
Event: 1.240 Thread 0x000001b89c79e000 Exception <a 'java/lang/NoSuchMethodError'{0x0000000711ab5058}: 'int java.lang.invoke.DirectMethodHandle$Holder.invokeVirtual(java.lang.Object, java.lang.Object)'> (0x0000000711ab5058) thrown at [src/hotspot/share/interpreter/linkResolver.cpp, line 773]
Event: 2.124 Thread 0x000001b89c79e000 Exception <a 'java/lang/NoSuchMethodError'{0x0000000712e4ac28}: 'java.lang.Object java.lang.invoke.DirectMethodHandle$Holder.invokeVirtual(java.lang.Object, java.lang.Object, java.lang.Object)'> (0x0000000712e4ac28) thrown at [src/hotspot/share/interpreter/linkResolver.cpp, line 773]
Event: 2.613 Thread 0x000001b89c79e000 Exception <a 'java/lang/NoSuchMethodError'{0x000000071024ed80}: 'java.lang.Object java.lang.invoke.Invokers$Holder.linkToTargetMethod(java.lang.Object, int, java.lang.Object)'> (0x000000071024ed80) thrown at [src/hotspot/share/interpreter/linkResolver.cpp, line 773]
Event: 2.647 Thread 0x000001b89c79e000 Implicit null exception at 0x000001b8a7f0c06a to 0x000001b8a7f0c244
Event: 3.382 Thread 0x000001b89c79e000 Exception <a 'java/lang/NoSuchMethodError'{0x00000007128a61d0}: 'java.lang.Object java.lang.invoke.DirectMethodHandle$Holder.invokeStatic(java.lang.Object, java.lang.Object, java.lang.Object, int)'> (0x00000007128a61d0) thrown at [src/hotspot/share/interpreter/linkResolver.cpp, line 773]
Event: 3.383 Thread 0x000001b89c79e000 Exception <a 'java/lang/NoSuchMethodError'{0x00000007128a9e40}: 'java.lang.Object java.lang.invoke.DirectMethodHandle$Holder.invokeSpecial(java.lang.Object, java.lang.Object, java.lang.Object, java.lang.Object, int)'> (0x00000007128a9e40) thrown at [src/hotspot/share/interpreter/linkResolver.cpp, line 773]
Event: 3.383 Thread 0x000001b89c79e000 Exception <a 'java/lang/NoSuchMethodError'{0x00000007128ad150}: 'java.lang.Object java.lang.invoke.Invokers$Holder.linkToTargetMethod(java.lang.Object, java.lang.Object, int, java.lang.Object)'> (0x00000007128ad150) thrown at [src/hotspot/share/interpreter/linkResolver.cpp, line 773]
Event: 5.446 Thread 0x000001b89c79e000 Exception <a 'java/lang/NoSuchMethodError'{0x00000007167f4008}: 'int java.lang.invoke.DirectMethodHandle$Holder.invokeStaticInit(java.lang.Object, int)'> (0x00000007167f4008) thrown at [src/hotspot/share/interpreter/linkResolver.cpp, line 773]
Event: 5.526 Thread 0x000001b89c79e000 Exception <a 'java/lang/NoSuchMethodError'{0x0000000716390b68}: 'java.lang.Object java.lang.invoke.Invokers$Holder.linkToTargetMethod(java.lang.Object, java.lang.Object, java.lang.Object, java.lang.Object, java.lang.Object, java.lang.Object)'> (0x0000000716390b68) thrown at [src/hotspot/share/interpreter/linkResolver.cpp, line 773]
Event: 5.771 Thread 0x000001b89c79e000 Exception <a 'java/lang/NoSuchMethodError'{0x0000000715257ee8}: 'java.lang.Object java.lang.invoke.DirectMethodHandle$Holder.invokeStaticInit(java.lang.Object, java.lang.Object, java.lang.Object)'> (0x0000000715257ee8) thrown at [src/hotspot/share/interpreter/linkResolver.cpp, line 773]
Event: 5.850 Thread 0x000001b89c79e000 Implicit null exception at 0x000001b8a80e9322 to 0x000001b8a80e9594
Event: 5.853 Thread 0x000001b89c79e000 Implicit null exception at 0x000001b8a7f16dcc to 0x000001b8a7f16eb4
Event: 5.921 Thread 0x000001b89c79e000 Implicit null exception at 0x000001b8a7e069f4 to 0x000001b8a7e06c24
Event: 5.921 Thread 0x000001b89c79e000 Implicit null exception at 0x000001b8a7dfb078 to 0x000001b8a7dfb10a
Event: 5.922 Thread 0x000001b89c79e000 Implicit null exception at 0x000001b8a7e009af to 0x000001b8a7e00a29
Event: 5.954 Thread 0x000001b89c79e000 Implicit null exception at 0x000001b8a7e48875 to 0x000001b8a7e48a5c
Event: 5.988 Thread 0x000001b89c79e000 Exception <a 'java/lang/NoSuchMethodError'{0x00000007160df528}: 'java.lang.Object java.lang.invoke.DirectMethodHandle$Holder.invokeStaticInit(java.lang.Object, int, int, int, int)'> (0x00000007160df528) thrown at [src/hotspot/share/interpreter/linkResolver.cpp, line 773]
Event: 6.076 Thread 0x000001b89c79e000 Exception <a 'java/lang/NoSuchMethodError'{0x0000000715fc0dd8}: 'java.lang.Object java.lang.invoke.DirectMethodHandle$Holder.invokeStaticInit(java.lang.Object, java.lang.Object, int, int, int, int)'> (0x0000000715fc0dd8) thrown at [src/hotspot/share/interpreter/linkResolver.cpp, line 773]

Events (20 events):
Event: 6.216 loading class androidx/room/jarjarred/org/antlr/v4/runtime/atn/SemanticContext$OR
Event: 6.216 loading class androidx/room/jarjarred/org/antlr/v4/runtime/atn/SemanticContext$OR done
Event: 6.216 loading class androidx/room/jarjarred/org/antlr/v4/runtime/atn/SemanticContext$Operator
Event: 6.216 loading class androidx/room/jarjarred/org/antlr/v4/runtime/atn/SemanticContext$Operator done
Event: 6.216 loading class androidx/room/jarjarred/org/antlr/v4/runtime/atn/SemanticContext$AND
Event: 6.216 loading class androidx/room/jarjarred/org/antlr/v4/runtime/atn/SemanticContext$AND done
Event: 6.218 loading class androidx/room/jarjarred/org/antlr/v4/runtime/CommonToken
Event: 6.218 loading class androidx/room/jarjarred/org/antlr/v4/runtime/CommonToken done
Event: 6.218 loading class androidx/room/jarjarred/org/antlr/v4/runtime/WritableToken
Event: 6.218 loading class androidx/room/jarjarred/org/antlr/v4/runtime/WritableToken done
Event: 6.218 loading class androidx/room/jarjarred/org/antlr/v4/runtime/atn/LL1Analyzer
Event: 6.218 loading class androidx/room/jarjarred/org/antlr/v4/runtime/atn/LL1Analyzer done
Event: 6.220 loading class androidx/room/jarjarred/org/antlr/v4/runtime/misc/DoubleKeyMap
Event: 6.220 loading class androidx/room/jarjarred/org/antlr/v4/runtime/misc/DoubleKeyMap done
Event: 6.221 loading class androidx/room/jarjarred/org/antlr/v4/runtime/atn/LexerActionExecutor
Event: 6.221 loading class androidx/room/jarjarred/org/antlr/v4/runtime/atn/LexerActionExecutor done
Event: 6.222 loading class androidx/room/jarjarred/org/antlr/v4/runtime/atn/LexerIndexedCustomAction
Event: 6.222 loading class androidx/room/jarjarred/org/antlr/v4/runtime/atn/LexerIndexedCustomAction done
Event: 6.222 loading class androidx/room/jarjarred/org/antlr/v4/runtime/tree/TerminalNodeImpl
Event: 6.222 loading class androidx/room/jarjarred/org/antlr/v4/runtime/tree/TerminalNodeImpl done


Dynamic libraries:
0x00007ff682e30000 - 0x00007ff682e3a000 	C:\Program Files\Android\Android Studio\jbr\bin\java.exe
0x00007ffc6db10000 - 0x00007ffc6dd08000 	C:\Windows\SYSTEM32\ntdll.dll
0x00007ffc6d290000 - 0x00007ffc6d34f000 	C:\Windows\System32\KERNEL32.DLL
0x00007ffc6b730000 - 0x00007ffc6ba26000 	C:\Windows\System32\KERNELBASE.dll
0x00007ffc6b3a0000 - 0x00007ffc6b4a0000 	C:\Windows\System32\ucrtbase.dll
0x00007ffc3a230000 - 0x00007ffc3a247000 	C:\Program Files\Android\Android Studio\jbr\bin\jli.dll
0x00007ffc3a050000 - 0x00007ffc3a06b000 	C:\Program Files\Android\Android Studio\jbr\bin\VCRUNTIME140.dll
0x00007ffc6cae0000 - 0x00007ffc6cc7d000 	C:\Windows\System32\USER32.dll
0x00007ffc4ade0000 - 0x00007ffc4b07a000 	C:\Windows\WinSxS\amd64_microsoft.windows.common-controls_6595b64144ccf1df_6.0.19041.1110_none_60b5254171f9507e\COMCTL32.dll
0x00007ffc6b5f0000 - 0x00007ffc6b612000 	C:\Windows\System32\win32u.dll
0x00007ffc6d820000 - 0x00007ffc6d8be000 	C:\Windows\System32\msvcrt.dll
0x00007ffc6d450000 - 0x00007ffc6d47c000 	C:\Windows\System32\GDI32.dll
0x00007ffc6b4a0000 - 0x00007ffc6b5b5000 	C:\Windows\System32\gdi32full.dll
0x00007ffc6b620000 - 0x00007ffc6b6bd000 	C:\Windows\System32\msvcp_win.dll
0x00007ffc6d7e0000 - 0x00007ffc6d810000 	C:\Windows\System32\IMM32.DLL
0x00007ffc5f880000 - 0x00007ffc5f88c000 	C:\Program Files\Android\Android Studio\jbr\bin\vcruntime140_1.dll
0x00007ffc34080000 - 0x00007ffc3410d000 	C:\Program Files\Android\Android Studio\jbr\bin\msvcp140.dll
0x00007ffc23fc0000 - 0x00007ffc24b7c000 	C:\Program Files\Android\Android Studio\jbr\bin\server\jvm.dll
0x00007ffc6d5a0000 - 0x00007ffc6d64f000 	C:\Windows\System32\ADVAPI32.dll
0x00007ffc6d920000 - 0x00007ffc6d9bc000 	C:\Windows\System32\sechost.dll
0x00007ffc6c0f0000 - 0x00007ffc6c216000 	C:\Windows\System32\RPCRT4.dll
0x00007ffc6d810000 - 0x00007ffc6d818000 	C:\Windows\System32\PSAPI.DLL
0x00007ffc65810000 - 0x00007ffc6581a000 	C:\Windows\SYSTEM32\VERSION.dll
0x00007ffc4c7f0000 - 0x00007ffc4c817000 	C:\Windows\SYSTEM32\WINMM.dll
0x00007ffc5dfc0000 - 0x00007ffc5dfc9000 	C:\Windows\SYSTEM32\WSOCK32.dll
0x00007ffc6d070000 - 0x00007ffc6d0db000 	C:\Windows\System32\WS2_32.dll
0x00007ffc690d0000 - 0x00007ffc690e2000 	C:\Windows\SYSTEM32\kernel.appcore.dll
0x00007ffc5dfb0000 - 0x00007ffc5dfc0000 	C:\Program Files\Android\Android Studio\jbr\bin\verify.dll
0x00007ffc500e0000 - 0x00007ffc502c4000 	C:\Windows\SYSTEM32\DBGHELP.DLL
0x00007ffc53050000 - 0x00007ffc53084000 	C:\Windows\SYSTEM32\dbgcore.DLL
0x00007ffc6bae0000 - 0x00007ffc6bb62000 	C:\Windows\System32\bcryptPrimitives.dll
0x00007ffc5df80000 - 0x00007ffc5dfa8000 	C:\Program Files\Android\Android Studio\jbr\bin\java.dll
0x00007ffc5df70000 - 0x00007ffc5df7a000 	C:\Program Files\Android\Android Studio\jbr\bin\jimage.dll
0x00007ffc5d8d0000 - 0x00007ffc5d8e8000 	C:\Program Files\Android\Android Studio\jbr\bin\zip.dll
0x00007ffc6c220000 - 0x00007ffc6c964000 	C:\Windows\System32\SHELL32.dll
0x00007ffc692d0000 - 0x00007ffc69a63000 	C:\Windows\SYSTEM32\windows.storage.dll
0x00007ffc6cc80000 - 0x00007ffc6cfd4000 	C:\Windows\System32\combase.dll
0x00007ffc6ac50000 - 0x00007ffc6ac7e000 	C:\Windows\SYSTEM32\Wldp.dll
0x00007ffc6da20000 - 0x00007ffc6dacd000 	C:\Windows\System32\SHCORE.dll
0x00007ffc6d780000 - 0x00007ffc6d7d5000 	C:\Windows\System32\shlwapi.dll
0x00007ffc6b130000 - 0x00007ffc6b14f000 	C:\Windows\SYSTEM32\profapi.dll
0x00007ffc5d880000 - 0x00007ffc5d899000 	C:\Program Files\Android\Android Studio\jbr\bin\net.dll
0x00007ffc65820000 - 0x00007ffc6592a000 	C:\Windows\SYSTEM32\WINHTTP.dll
0x00007ffc6a9b0000 - 0x00007ffc6aa1a000 	C:\Windows\system32\mswsock.dll
0x00007ffc5d3a0000 - 0x00007ffc5d3b3000 	C:\Program Files\Android\Android Studio\jbr\bin\nio.dll
0x00007ffc6aba0000 - 0x00007ffc6abb8000 	C:\Windows\SYSTEM32\CRYPTSP.dll
0x00007ffc6a260000 - 0x00007ffc6a294000 	C:\Windows\system32\rsaenh.dll
0x00007ffc6b5c0000 - 0x00007ffc6b5e7000 	C:\Windows\System32\bcrypt.dll
0x00007ffc6b0f0000 - 0x00007ffc6b11e000 	C:\Windows\SYSTEM32\USERENV.dll
0x00007ffc6abc0000 - 0x00007ffc6abcc000 	C:\Windows\SYSTEM32\CRYPTBASE.dll
0x00007ffc6a650000 - 0x00007ffc6a68c000 	C:\Windows\SYSTEM32\IPHLPAPI.DLL
0x00007ffc6d370000 - 0x00007ffc6d378000 	C:\Windows\System32\NSI.dll
0x00007ffc64b20000 - 0x00007ffc64b37000 	C:\Windows\SYSTEM32\dhcpcsvc6.DLL
0x00007ffc65080000 - 0x00007ffc6509d000 	C:\Windows\SYSTEM32\dhcpcsvc.DLL
0x00007ffc6a6a0000 - 0x00007ffc6a76b000 	C:\Windows\SYSTEM32\DNSAPI.dll
0x0000000070bc0000 - 0x0000000070c9c000 	C:\Users\HuyND5\AppData\Local\Temp\sqlite-3.36.0-e5d6c3e8-0cb7-47d6-84ce-c51c26bc98a2-sqlitejdbc.dll

dbghelp: loaded successfully - version: 4.0.5 - missing functions: none
symbol engine: initialized successfully - sym options: 0x614 - pdb path: .;C:\Program Files\Android\Android Studio\jbr\bin;C:\Windows\SYSTEM32;C:\Windows\WinSxS\amd64_microsoft.windows.common-controls_6595b64144ccf1df_6.0.19041.1110_none_60b5254171f9507e;C:\Program Files\Android\Android Studio\jbr\bin\server;C:\Users\HuyND5\AppData\Local\Temp

VM Arguments:
java_command: org.jetbrains.kotlin.cli.jvm.K2JVMCompiler @F:\Android Project\Fashion\app\build\20231027_16162299922302553483.compiler.options
java_class_path (initial): C:\Users\HuyND5\.gradle\caches\modules-2\files-2.1\org.jetbrains.kotlin\kotlin-compiler-embeddable\1.6.21\97bdd5a752ce73b58ef16c17bc7f0ea2faff7a2e\kotlin-compiler-embeddable-1.6.21.jar;C:\Users\HuyND5\.gradle\caches\modules-2\files-2.1\org.jetbrains.kotlin\kotlin-reflect\1.6.21\5dc3574d9b7bebfcb4ec6b10ada4aaa9e140bd0b\kotlin-reflect-1.6.21.jar;C:\Users\HuyND5\.gradle\caches\modules-2\files-2.1\org.jetbrains.kotlin\kotlin-stdlib\1.6.21\11ef67f1900634fd951bad28c53ec957fabbe5b8\kotlin-stdlib-1.6.21.jar;C:\Users\HuyND5\.gradle\caches\modules-2\files-2.1\org.jetbrains.kotlin\kotlin-script-runtime\1.6.21\99c6675100da5d6d5b1c5a1032f27f28008d101b\kotlin-script-runtime-1.6.21.jar;C:\Users\HuyND5\.gradle\caches\modules-2\files-2.1\org.jetbrains.kotlin\kotlin-daemon-embeddable\1.6.21\46b78cf392e1c4f10854c3cadba44abb7b82250f\kotlin-daemon-embeddable-1.6.21.jar;C:\Users\HuyND5\.gradle\caches\modules-2\files-2.1\org.jetbrains.intellij.deps\trove4j\1.0.20200330\3afb14d5f9ceb459d724e907a21145e8ff394f02\trove4j-1.0.20200330.jar;C:\Users\HuyND5\.gradle\caches\modules-2\files-2.1\net.java.dev.jna\jna\5.6.0\330f2244e9030119ab3030fc3fededc86713d9cc\jna-5.6.0.jar;C:\Users\HuyND5\.gradle\caches\modules-2\files-2.1\org.jetbrains.kotlin\kotlin-stdlib-common\1.6.21\5e5b55c26dbc80372a920aef60eb774b714559b8\kotlin-stdlib-common-1.6.21.jar;C:\Users\HuyND5\.gradle\caches\modules-2\files-2.1\org.jetbrains\annotations\13.0\919f0dfe192fb4e063e7dacadee7f8bb9a2672a9\annotations-13.0.jar
Launcher Type: SUN_STANDARD

[Global flags]
     intx CICompilerCount                          = 4                                         {product} {ergonomic}
     uint ConcGCThreads                            = 3                                         {product} {ergonomic}
     uint G1ConcRefinementThreads                  = 10                                        {product} {ergonomic}
   size_t G1HeapRegionSize                         = 1048576                                   {product} {ergonomic}
    uintx GCDrainStackTargetSize                   = 64                                        {product} {ergonomic}
   size_t InitialHeapSize                          = 266338304                                 {product} {ergonomic}
   size_t MarkStackSize                            = 4194304                                   {product} {ergonomic}
   size_t MaxHeapSize                              = 4236247040                                {product} {ergonomic}
   size_t MaxNewSize                               = 2541748224                                {product} {ergonomic}
   size_t MinHeapDeltaBytes                        = 1048576                                   {product} {ergonomic}
    uintx NonNMethodCodeHeapSize                   = 5836300                                {pd product} {ergonomic}
    uintx NonProfiledCodeHeapSize                  = 122910970                              {pd product} {ergonomic}
    uintx ProfiledCodeHeapSize                     = 122910970                              {pd product} {ergonomic}
    uintx ReservedCodeCacheSize                    = 251658240                              {pd product} {ergonomic}
     bool SegmentedCodeCache                       = true                                      {product} {ergonomic}
     bool UseCompressedClassPointers               = true                                 {lp64_product} {ergonomic}
     bool UseCompressedOops                        = true                                 {lp64_product} {ergonomic}
     bool UseG1GC                                  = true                                      {product} {ergonomic}
     bool UseLargePagesIndividualAllocation        = false                                  {pd product} {ergonomic}

Logging:
Log output configuration:
 #0: stdout all=warning uptime,level,tags
 #1: stderr all=off uptime,level,tags

Environment Variables:
PATH=C:\Program Files (x86)\Common Files\Oracle\Java\javapath;C:\Windows\system32;C:\Windows;C:\Windows\System32\Wbem;C:\Windows\System32\WindowsPowerShell\v1.0\;C:\Windows\System32\OpenSSH\;C:\Program Files\TortoiseSVN\bin;C:\Users\HuyND5\AppData\Local\Android\Sdk\platform-tools;C:\Program Files\Cloudflare\Cloudflare WARP\;C:\Users\HuyND5\AppData\Local\Programs\Python\Python312\Scripts\;C:\Users\HuyND5\AppData\Local\Programs\Python\Python312\;C:\Users\HuyND5\AppData\Local\Microsoft\WindowsApps;C:\Users\HuyND5\Documents\Git\cmd;C:\Users\HuyND5\AppData\Local\JetBrains\IntelliJ IDEA Community Edition 2023.1.3\bin;;F:\Microsoft VS Code\bin
USERNAME=HuyND5
OS=Windows_NT
PROCESSOR_IDENTIFIER=Intel64 Family 6 Model 151 Stepping 5, GenuineIntel



---------------  S Y S T E M  ---------------

OS: Windows 10 , 64 bit Build 19041 (10.0.19041.2913)
OS uptime: 3 days 6:12 hours

CPU:total 12 (initial active 12) (6 cores per cpu, 2 threads per core) family 6 model 151 stepping 5 microcode 0x18, cmov, cx8, fxsr, mmx, sse, sse2, sse3, ssse3, sse4.1, sse4.2, popcnt, avx, avx2, aes, clmul, erms, 3dnowpref, lzcnt, ht, tsc, tscinvbit, bmi1, bmi2, adx, sha, fma

Memory: 4k page, system-wide physical 16158M (1362M free)
TotalPageFile size 23940M (AvailPageFile size 24M)
current process WorkingSet (physical memory assigned to process): 356M, peak: 374M
current process commit charge ("private bytes"): 517M, peak: 536M

vm_info: OpenJDK 64-Bit Server VM (11.0.15+0-b2043.56-9505619) for windows-amd64 JRE (11.0.15+0-b2043.56-9505619), built on Jan 19 2023 02:48:00 by "builduser" with unknown MS VC++:1929

END.
